{"C:\\Users\\ybot1\\Documents\\GitHub\\test-coverage-visualizer\\app\\get_file\\route.ts": {"path":"C:\\Users\\ybot1\\Documents\\GitHub\\test-coverage-visualizer\\app\\get_file\\route.ts","statementMap":{"0":{"start":{"line":11,"column":0},"end":{"line":11,"column":7}},"1":{"start":{"line":1,"column":0},"end":{"line":1,"column":62}},"2":{"start":{"line":2,"column":0},"end":{"line":2,"column":54}},"3":{"start":{"line":3,"column":0},"end":{"line":3,"column":56}},"4":{"start":{"line":5,"column":27},"end":{"line":9,"column":1}},"5":{"start":{"line":6,"column":23},"end":{"line":6,"column":44}},"6":{"start":{"line":7,"column":2},"end":{"line":7,"column":39}},"7":{"start":{"line":7,"column":27},"end":{"line":7,"column":39}},"8":{"start":{"line":8,"column":2},"end":{"line":8,"column":47}},"9":{"start":{"line":12,"column":27},"end":{"line":12,"column":43}},"10":{"start":{"line":13,"column":16},"end":{"line":13,"column":24}},"11":{"start":{"line":14,"column":15},"end":{"line":14,"column":22}},"12":{"start":{"line":15,"column":22},"end":{"line":15,"column":46}},"13":{"start":{"line":16,"column":14},"end":{"line":16,"column":37}},"14":{"start":{"line":18,"column":15},"end":{"line":18,"column":52}},"15":{"start":{"line":20,"column":2},"end":{"line":25,"column":3}},"16":{"start":{"line":21,"column":4},"end":{"line":24,"column":6}},"17":{"start":{"line":27,"column":15},"end":{"line":27,"column":39}},"18":{"start":{"line":28,"column":2},"end":{"line":33,"column":3}},"19":{"start":{"line":29,"column":4},"end":{"line":32,"column":6}},"20":{"start":{"line":35,"column":23},"end":{"line":37,"column":52}},"21":{"start":{"line":39,"column":23},"end":{"line":39,"column":26}},"22":{"start":{"line":41,"column":2},"end":{"line":65,"column":3}},"23":{"start":{"line":42,"column":22},"end":{"line":46,"column":6}},"24":{"start":{"line":48,"column":4},"end":{"line":56,"column":5}},"25":{"start":{"line":49,"column":6},"end":{"line":55,"column":8}},"26":{"start":{"line":58,"column":17},"end":{"line":58,"column":39}},"27":{"start":{"line":59,"column":4},"end":{"line":59,"column":35}},"28":{"start":{"line":61,"column":4},"end":{"line":64,"column":6}}},"fnMap":{"0":{"name":"(anonymous_0)","decl":{"start":{"line":5,"column":27},"end":{"line":5,"column":28}},"loc":{"start":{"line":5,"column":52},"end":{"line":9,"column":1}}},"1":{"name":"GET","decl":{"start":{"line":11,"column":22},"end":{"line":11,"column":25}},"loc":{"start":{"line":11,"column":42},"end":{"line":66,"column":1}}}},"branchMap":{"0":{"loc":{"start":{"line":7,"column":2},"end":{"line":7,"column":39}},"type":"if","locations":[{"start":{"line":7,"column":2},"end":{"line":7,"column":39}}]},"1":{"loc":{"start":{"line":18,"column":34},"end":{"line":18,"column":51}},"type":"binary-expr","locations":[{"start":{"line":18,"column":34},"end":{"line":18,"column":45}},{"start":{"line":18,"column":49},"end":{"line":18,"column":51}}]},"2":{"loc":{"start":{"line":20,"column":2},"end":{"line":25,"column":3}},"type":"if","locations":[{"start":{"line":20,"column":2},"end":{"line":25,"column":3}}]},"3":{"loc":{"start":{"line":20,"column":6},"end":{"line":20,"column":19}},"type":"binary-expr","locations":[{"start":{"line":20,"column":6},"end":{"line":20,"column":10}},{"start":{"line":20,"column":14},"end":{"line":20,"column":19}}]},"4":{"loc":{"start":{"line":28,"column":2},"end":{"line":33,"column":3}},"type":"if","locations":[{"start":{"line":28,"column":2},"end":{"line":33,"column":3}}]},"5":{"loc":{"start":{"line":37,"column":6},"end":{"line":37,"column":50}},"type":"cond-expr","locations":[{"start":{"line":37,"column":12},"end":{"line":37,"column":45}},{"start":{"line":37,"column":48},"end":{"line":37,"column":50}}]},"6":{"loc":{"start":{"line":43,"column":15},"end":{"line":45,"column":19}},"type":"cond-expr","locations":[{"start":{"line":44,"column":10},"end":{"line":44,"column":52}},{"start":{"line":45,"column":10},"end":{"line":45,"column":19}}]},"7":{"loc":{"start":{"line":48,"column":4},"end":{"line":56,"column":5}},"type":"if","locations":[{"start":{"line":48,"column":4},"end":{"line":56,"column":5}}]}},"s":{"0":0,"1":0,"2":0,"3":0,"4":0,"5":0,"6":0,"7":0,"8":0,"9":0,"10":0,"11":0,"12":0,"13":0,"14":0,"15":0,"16":0,"17":0,"18":0,"19":0,"20":0,"21":0,"22":0,"23":0,"24":0,"25":0,"26":0,"27":0,"28":0},"f":{"0":0,"1":0},"b":{"0":[0],"1":[0,0],"2":[0],"3":[0,0],"4":[0],"5":[0,0],"6":[0,0],"7":[0]}}
,"C:\\Users\\ybot1\\Documents\\GitHub\\test-coverage-visualizer\\utils\\aggregateCoverageByDirectory.ts": {"path":"C:\\Users\\ybot1\\Documents\\GitHub\\test-coverage-visualizer\\utils\\aggregateCoverageByDirectory.ts","statementMap":{"0":{"start":{"line":4,"column":0},"end":{"line":4,"column":16}},"1":{"start":{"line":2,"column":0},"end":{"line":2,"column":48}},"2":{"start":{"line":7,"column":50},"end":{"line":7,"column":52}},"3":{"start":{"line":9,"column":2},"end":{"line":82,"column":3}},"4":{"start":{"line":11,"column":4},"end":{"line":11,"column":42}},"5":{"start":{"line":11,"column":33},"end":{"line":11,"column":42}},"6":{"start":{"line":13,"column":17},"end":{"line":13,"column":49}},"7":{"start":{"line":15,"column":14},"end":{"line":15,"column":16}},"8":{"start":{"line":16,"column":4},"end":{"line":81,"column":7}},"9":{"start":{"line":17,"column":6},"end":{"line":19,"column":7}},"10":{"start":{"line":18,"column":8},"end":{"line":18,"column":15}},"11":{"start":{"line":21,"column":6},"end":{"line":21,"column":42}},"12":{"start":{"line":23,"column":6},"end":{"line":30,"column":7}},"13":{"start":{"line":24,"column":8},"end":{"line":29,"column":10}},"14":{"start":{"line":32,"column":6},"end":{"line":32,"column":53}},"15":{"start":{"line":33,"column":6},"end":{"line":33,"column":57}},"16":{"start":{"line":34,"column":6},"end":{"line":34,"column":57}},"17":{"start":{"line":35,"column":6},"end":{"line":42,"column":20}},"18":{"start":{"line":44,"column":6},"end":{"line":44,"column":61}},"19":{"start":{"line":45,"column":6},"end":{"line":45,"column":65}},"20":{"start":{"line":46,"column":6},"end":{"line":46,"column":65}},"21":{"start":{"line":47,"column":6},"end":{"line":55,"column":20}},"22":{"start":{"line":57,"column":6},"end":{"line":57,"column":63}},"23":{"start":{"line":58,"column":6},"end":{"line":58,"column":67}},"24":{"start":{"line":59,"column":6},"end":{"line":59,"column":67}},"25":{"start":{"line":60,"column":6},"end":{"line":68,"column":20}},"26":{"start":{"line":70,"column":6},"end":{"line":70,"column":59}},"27":{"start":{"line":71,"column":6},"end":{"line":71,"column":63}},"28":{"start":{"line":72,"column":6},"end":{"line":72,"column":63}},"29":{"start":{"line":73,"column":6},"end":{"line":80,"column":20}},"30":{"start":{"line":84,"column":2},"end":{"line":84,"column":18}}},"fnMap":{"0":{"name":"aggregateCoverageByDirectory","decl":{"start":{"line":4,"column":16},"end":{"line":4,"column":44}},"loc":{"start":{"line":5,"column":24},"end":{"line":85,"column":1}}},"1":{"name":"(anonymous_1)","decl":{"start":{"line":16,"column":13},"end":{"line":16,"column":14}},"loc":{"start":{"line":16,"column":26},"end":{"line":81,"column":5}}}},"branchMap":{"0":{"loc":{"start":{"line":11,"column":4},"end":{"line":11,"column":42}},"type":"if","locations":[{"start":{"line":11,"column":4},"end":{"line":11,"column":42}}]},"1":{"loc":{"start":{"line":17,"column":6},"end":{"line":19,"column":7}},"type":"if","locations":[{"start":{"line":17,"column":6},"end":{"line":19,"column":7}}]},"2":{"loc":{"start":{"line":21,"column":14},"end":{"line":21,"column":34}},"type":"cond-expr","locations":[{"start":{"line":21,"column":26},"end":{"line":21,"column":28}},{"start":{"line":21,"column":31},"end":{"line":21,"column":34}}]},"3":{"loc":{"start":{"line":23,"column":6},"end":{"line":30,"column":7}},"type":"if","locations":[{"start":{"line":23,"column":6},"end":{"line":30,"column":7}}]},"4":{"loc":{"start":{"line":36,"column":8},"end":{"line":42,"column":19}},"type":"cond-expr","locations":[{"start":{"line":37,"column":12},"end":{"line":37,"column":15}},{"start":{"line":38,"column":12},"end":{"line":42,"column":19}}]},"5":{"loc":{"start":{"line":48,"column":8},"end":{"line":55,"column":19}},"type":"cond-expr","locations":[{"start":{"line":49,"column":12},"end":{"line":49,"column":15}},{"start":{"line":50,"column":12},"end":{"line":55,"column":19}}]},"6":{"loc":{"start":{"line":61,"column":8},"end":{"line":68,"column":19}},"type":"cond-expr","locations":[{"start":{"line":62,"column":12},"end":{"line":62,"column":15}},{"start":{"line":63,"column":12},"end":{"line":68,"column":19}}]},"7":{"loc":{"start":{"line":74,"column":8},"end":{"line":80,"column":19}},"type":"cond-expr","locations":[{"start":{"line":75,"column":12},"end":{"line":75,"column":15}},{"start":{"line":76,"column":12},"end":{"line":80,"column":19}}]}},"s":{"0":0,"1":0,"2":0,"3":0,"4":0,"5":0,"6":0,"7":0,"8":0,"9":0,"10":0,"11":0,"12":0,"13":0,"14":0,"15":0,"16":0,"17":0,"18":0,"19":0,"20":0,"21":0,"22":0,"23":0,"24":0,"25":0,"26":0,"27":0,"28":0,"29":0,"30":0},"f":{"0":0,"1":0},"b":{"0":[0],"1":[0],"2":[0,0],"3":[0],"4":[0,0],"5":[0,0],"6":[0,0],"7":[0,0]}}
,"C:\\Users\\ybot1\\Documents\\GitHub\\test-coverage-visualizer\\utils\\buildFileKey.ts": {"path":"C:\\Users\\ybot1\\Documents\\GitHub\\test-coverage-visualizer\\utils\\buildFileKey.ts","statementMap":{"0":{"start":{"line":1,"column":28},"end":{"line":29,"column":1}},"1":{"start":{"line":2,"column":15},"end":{"line":2,"column":17}},"2":{"start":{"line":5,"column":2},"end":{"line":9,"column":3}},"3":{"start":{"line":6,"column":4},"end":{"line":6,"column":19}},"4":{"start":{"line":8,"column":4},"end":{"line":8,"column":25}},"5":{"start":{"line":11,"column":2},"end":{"line":17,"column":3}},"6":{"start":{"line":12,"column":4},"end":{"line":16,"column":5}},"7":{"start":{"line":13,"column":6},"end":{"line":13,"column":31}},"8":{"start":{"line":15,"column":6},"end":{"line":15,"column":25}},"9":{"start":{"line":20,"column":2},"end":{"line":22,"column":3}},"10":{"start":{"line":21,"column":4},"end":{"line":21,"column":48}},"11":{"start":{"line":24,"column":2},"end":{"line":26,"column":3}},"12":{"start":{"line":25,"column":4},"end":{"line":25,"column":44}},"13":{"start":{"line":28,"column":2},"end":{"line":28,"column":16}},"14":{"start":{"line":1,"column":13},"end":{"line":1,"column":28}}},"fnMap":{"0":{"name":"(anonymous_0)","decl":{"start":{"line":1,"column":28},"end":{"line":1,"column":29}},"loc":{"start":{"line":1,"column":63},"end":{"line":29,"column":1}}}},"branchMap":{"0":{"loc":{"start":{"line":5,"column":2},"end":{"line":9,"column":3}},"type":"if","locations":[{"start":{"line":5,"column":2},"end":{"line":9,"column":3}},{"start":{"line":7,"column":9},"end":{"line":9,"column":3}}]},"1":{"loc":{"start":{"line":11,"column":2},"end":{"line":17,"column":3}},"type":"if","locations":[{"start":{"line":11,"column":2},"end":{"line":17,"column":3}}]},"2":{"loc":{"start":{"line":12,"column":4},"end":{"line":16,"column":5}},"type":"if","locations":[{"start":{"line":12,"column":4},"end":{"line":16,"column":5}},{"start":{"line":14,"column":11},"end":{"line":16,"column":5}}]},"3":{"loc":{"start":{"line":20,"column":2},"end":{"line":22,"column":3}},"type":"if","locations":[{"start":{"line":20,"column":2},"end":{"line":22,"column":3}}]},"4":{"loc":{"start":{"line":24,"column":2},"end":{"line":26,"column":3}},"type":"if","locations":[{"start":{"line":24,"column":2},"end":{"line":26,"column":3}}]}},"s":{"0":0,"1":0,"2":0,"3":0,"4":0,"5":0,"6":0,"7":0,"8":0,"9":0,"10":0,"11":0,"12":0,"13":0,"14":0},"f":{"0":0},"b":{"0":[0,0],"1":[0],"2":[0,0],"3":[0],"4":[0]}}
,"C:\\Users\\ybot1\\Documents\\GitHub\\test-coverage-visualizer\\utils\\filenameRegex.ts": {"path":"C:\\Users\\ybot1\\Documents\\GitHub\\test-coverage-visualizer\\utils\\filenameRegex.ts","statementMap":{"0":{"start":{"line":1,"column":13},"end":{"line":1,"column":56}}},"fnMap":{},"branchMap":{},"s":{"0":0},"f":{},"b":{}}
,"C:\\Users\\ybot1\\Documents\\GitHub\\test-coverage-visualizer\\utils\\getAllFiles.ts": {"path":"C:\\Users\\ybot1\\Documents\\GitHub\\test-coverage-visualizer\\utils\\getAllFiles.ts","statementMap":{"0":{"start":{"line":1,"column":0},"end":{"line":1,"column":16}},"1":{"start":{"line":2,"column":19},"end":{"line":2,"column":43}},"2":{"start":{"line":3,"column":2},"end":{"line":3,"column":60}},"3":{"start":{"line":3,"column":35},"end":{"line":3,"column":51}}},"fnMap":{"0":{"name":"getAllFiles","decl":{"start":{"line":1,"column":16},"end":{"line":1,"column":27}},"loc":{"start":{"line":1,"column":68},"end":{"line":4,"column":1}}},"1":{"name":"(anonymous_1)","decl":{"start":{"line":3,"column":25},"end":{"line":3,"column":26}},"loc":{"start":{"line":3,"column":35},"end":{"line":3,"column":51}}}},"branchMap":{},"s":{"0":0,"1":0,"2":0,"3":0},"f":{"0":0,"1":0},"b":{}}
,"C:\\Users\\ybot1\\Documents\\GitHub\\test-coverage-visualizer\\utils\\getBranchesStatus.ts": {"path":"C:\\Users\\ybot1\\Documents\\GitHub\\test-coverage-visualizer\\utils\\getBranchesStatus.ts","statementMap":{"0":{"start":{"line":4,"column":0},"end":{"line":4,"column":16}},"1":{"start":{"line":8,"column":16},"end":{"line":8,"column":34}},"2":{"start":{"line":9,"column":17},"end":{"line":9,"column":56}},"3":{"start":{"line":10,"column":2},"end":{"line":12,"column":3}},"4":{"start":{"line":10,"column":15},"end":{"line":10,"column":16}},"5":{"start":{"line":11,"column":4},"end":{"line":11,"column":19}},"6":{"start":{"line":14,"column":2},"end":{"line":16,"column":3}},"7":{"start":{"line":15,"column":4},"end":{"line":15,"column":18}},"8":{"start":{"line":18,"column":2},"end":{"line":33,"column":4}},"9":{"start":{"line":20,"column":6},"end":{"line":31,"column":7}},"10":{"start":{"line":20,"column":19},"end":{"line":20,"column":20}},"11":{"start":{"line":21,"column":31},"end":{"line":21,"column":43}},"12":{"start":{"line":22,"column":22},"end":{"line":22,"column":39}},"13":{"start":{"line":23,"column":8},"end":{"line":30,"column":9}},"14":{"start":{"line":23,"column":21},"end":{"line":23,"column":31}},"15":{"start":{"line":24,"column":10},"end":{"line":29,"column":11}},"16":{"start":{"line":25,"column":12},"end":{"line":28,"column":15}},"17":{"start":{"line":35,"column":2},"end":{"line":35,"column":16}}},"fnMap":{"0":{"name":"getBranchesStatus","decl":{"start":{"line":4,"column":16},"end":{"line":4,"column":33}},"loc":{"start":{"line":6,"column":35},"end":{"line":36,"column":1}}},"1":{"name":"(anonymous_1)","decl":{"start":{"line":19,"column":4},"end":{"line":19,"column":5}},"loc":{"start":{"line":19,"column":54},"end":{"line":32,"column":5}}}},"branchMap":{"0":{"loc":{"start":{"line":14,"column":2},"end":{"line":16,"column":3}},"type":"if","locations":[{"start":{"line":14,"column":2},"end":{"line":16,"column":3}}]},"1":{"loc":{"start":{"line":24,"column":10},"end":{"line":29,"column":11}},"type":"if","locations":[{"start":{"line":24,"column":10},"end":{"line":29,"column":11}}]},"2":{"loc":{"start":{"line":27,"column":22},"end":{"line":27,"column":57}},"type":"cond-expr","locations":[{"start":{"line":27,"column":39},"end":{"line":27,"column":49}},{"start":{"line":27,"column":52},"end":{"line":27,"column":57}}]}},"s":{"0":0,"1":0,"2":0,"3":0,"4":0,"5":0,"6":0,"7":0,"8":0,"9":0,"10":0,"11":0,"12":0,"13":0,"14":0,"15":0,"16":0,"17":0},"f":{"0":0,"1":0},"b":{"0":[0],"1":[0],"2":[0,0]}}
,"C:\\Users\\ybot1\\Documents\\GitHub\\test-coverage-visualizer\\utils\\getCommonPathPrefix.ts": {"path":"C:\\Users\\ybot1\\Documents\\GitHub\\test-coverage-visualizer\\utils\\getCommonPathPrefix.ts","statementMap":{"0":{"start":{"line":7,"column":0},"end":{"line":7,"column":16}},"1":{"start":{"line":3,"column":2},"end":{"line":3,"column":32}},"2":{"start":{"line":8,"column":2},"end":{"line":8,"column":31}},"3":{"start":{"line":8,"column":21},"end":{"line":8,"column":31}},"4":{"start":{"line":9,"column":21},"end":{"line":9,"column":41}},"5":{"start":{"line":10,"column":17},"end":{"line":10,"column":61}},"6":{"start":{"line":10,"column":51},"end":{"line":10,"column":59}},"7":{"start":{"line":11,"column":25},"end":{"line":11,"column":27}},"8":{"start":{"line":12,"column":2},"end":{"line":19,"column":3}},"9":{"start":{"line":12,"column":15},"end":{"line":12,"column":16}},"10":{"start":{"line":13,"column":20},"end":{"line":13,"column":36}},"11":{"start":{"line":14,"column":4},"end":{"line":18,"column":5}},"12":{"start":{"line":14,"column":36},"end":{"line":14,"column":56}},"13":{"start":{"line":15,"column":6},"end":{"line":15,"column":27}},"14":{"start":{"line":17,"column":6},"end":{"line":17,"column":12}},"15":{"start":{"line":20,"column":2},"end":{"line":20,"column":26}}},"fnMap":{"0":{"name":"splitPath","decl":{"start":{"line":2,"column":9},"end":{"line":2,"column":18}},"loc":{"start":{"line":2,"column":35},"end":{"line":4,"column":1}}},"1":{"name":"getCommonPathPrefix","decl":{"start":{"line":7,"column":16},"end":{"line":7,"column":35}},"loc":{"start":{"line":7,"column":51},"end":{"line":21,"column":1}}},"2":{"name":"(anonymous_2)","decl":{"start":{"line":10,"column":44},"end":{"line":10,"column":45}},"loc":{"start":{"line":10,"column":51},"end":{"line":10,"column":59}}},"3":{"name":"(anonymous_3)","decl":{"start":{"line":14,"column":25},"end":{"line":14,"column":26}},"loc":{"start":{"line":14,"column":36},"end":{"line":14,"column":56}}}},"branchMap":{"0":{"loc":{"start":{"line":8,"column":2},"end":{"line":8,"column":31}},"type":"if","locations":[{"start":{"line":8,"column":2},"end":{"line":8,"column":31}}]},"1":{"loc":{"start":{"line":14,"column":4},"end":{"line":18,"column":5}},"type":"if","locations":[{"start":{"line":14,"column":4},"end":{"line":18,"column":5}},{"start":{"line":16,"column":11},"end":{"line":18,"column":5}}]}},"s":{"0":0,"1":0,"2":0,"3":0,"4":0,"5":0,"6":0,"7":0,"8":0,"9":0,"10":0,"11":0,"12":0,"13":0,"14":0,"15":0},"f":{"0":0,"1":0,"2":0,"3":0},"b":{"0":[0],"1":[0,0]}}
,"C:\\Users\\ybot1\\Documents\\GitHub\\test-coverage-visualizer\\utils\\getCoverageData.ts": {"path":"C:\\Users\\ybot1\\Documents\\GitHub\\test-coverage-visualizer\\utils\\getCoverageData.ts","statementMap":{"0":{"start":{"line":1,"column":0},"end":{"line":1,"column":54}},"1":{"start":{"line":2,"column":0},"end":{"line":2,"column":56}},"2":{"start":{"line":5,"column":0},"end":{"line":5,"column":44}},"3":{"start":{"line":6,"column":0},"end":{"line":6,"column":60}},"4":{"start":{"line":8,"column":31},"end":{"line":46,"column":1}},"5":{"start":{"line":10,"column":42},"end":{"line":13,"column":4}},"6":{"start":{"line":14,"column":2},"end":{"line":17,"column":5}},"7":{"start":{"line":15,"column":26},"end":{"line":15,"column":46}},"8":{"start":{"line":16,"column":4},"end":{"line":16,"column":59}},"9":{"start":{"line":20,"column":53},"end":{"line":20,"column":55}},"10":{"start":{"line":21,"column":2},"end":{"line":24,"column":5}},"11":{"start":{"line":22,"column":26},"end":{"line":22,"column":46}},"12":{"start":{"line":23,"column":4},"end":{"line":23,"column":59}},"13":{"start":{"line":27,"column":47},"end":{"line":30,"column":4}},"14":{"start":{"line":31,"column":16},"end":{"line":31,"column":36}},"15":{"start":{"line":32,"column":23},"end":{"line":32,"column":49}},"16":{"start":{"line":33,"column":2},"end":{"line":36,"column":5}},"17":{"start":{"line":34,"column":26},"end":{"line":34,"column":53}},"18":{"start":{"line":35,"column":4},"end":{"line":35,"column":74}},"19":{"start":{"line":39,"column":58},"end":{"line":39,"column":60}},"20":{"start":{"line":40,"column":2},"end":{"line":43,"column":5}},"21":{"start":{"line":41,"column":26},"end":{"line":41,"column":53}},"22":{"start":{"line":42,"column":4},"end":{"line":42,"column":66}},"23":{"start":{"line":45,"column":2},"end":{"line":45,"column":75}},"24":{"start":{"line":8,"column":13},"end":{"line":8,"column":31}}},"fnMap":{"0":{"name":"(anonymous_1)","decl":{"start":{"line":8,"column":31},"end":{"line":8,"column":34}},"loc":{"start":{"line":8,"column":36},"end":{"line":46,"column":1}}},"1":{"name":"(anonymous_2)","decl":{"start":{"line":14,"column":31},"end":{"line":14,"column":32}},"loc":{"start":{"line":14,"column":37},"end":{"line":17,"column":3}}},"2":{"name":"(anonymous_3)","decl":{"start":{"line":21,"column":35},"end":{"line":21,"column":36}},"loc":{"start":{"line":21,"column":41},"end":{"line":24,"column":3}}},"3":{"name":"(anonymous_4)","decl":{"start":{"line":33,"column":41},"end":{"line":33,"column":42}},"loc":{"start":{"line":33,"column":47},"end":{"line":36,"column":3}}},"4":{"name":"(anonymous_5)","decl":{"start":{"line":40,"column":37},"end":{"line":40,"column":38}},"loc":{"start":{"line":40,"column":43},"end":{"line":43,"column":3}}}},"branchMap":{},"s":{"0":0,"1":0,"2":0,"3":0,"4":0,"5":0,"6":0,"7":0,"8":0,"9":0,"10":0,"11":0,"12":0,"13":0,"14":0,"15":0,"16":0,"17":0,"18":0,"19":0,"20":0,"21":0,"22":0,"23":0,"24":0},"f":{"0":0,"1":0,"2":0,"3":0,"4":0},"b":{}}
,"C:\\Users\\ybot1\\Documents\\GitHub\\test-coverage-visualizer\\utils\\getLinesStatus.ts": {"path":"C:\\Users\\ybot1\\Documents\\GitHub\\test-coverage-visualizer\\utils\\getLinesStatus.ts","statementMap":{"0":{"start":{"line":4,"column":0},"end":{"line":4,"column":16}},"1":{"start":{"line":8,"column":16},"end":{"line":8,"column":34}},"2":{"start":{"line":9,"column":17},"end":{"line":9,"column":56}},"3":{"start":{"line":11,"column":2},"end":{"line":13,"column":3}},"4":{"start":{"line":12,"column":4},"end":{"line":12,"column":18}},"5":{"start":{"line":15,"column":2},"end":{"line":22,"column":5}},"6":{"start":{"line":16,"column":18},"end":{"line":16,"column":32}},"7":{"start":{"line":17,"column":22},"end":{"line":17,"column":36}},"8":{"start":{"line":18,"column":20},"end":{"line":18,"column":50}},"9":{"start":{"line":19,"column":4},"end":{"line":21,"column":5}},"10":{"start":{"line":19,"column":17},"end":{"line":19,"column":26}},"11":{"start":{"line":20,"column":6},"end":{"line":20,"column":54}},"12":{"start":{"line":23,"column":2},"end":{"line":23,"column":16}}},"fnMap":{"0":{"name":"getLinesStatus","decl":{"start":{"line":4,"column":16},"end":{"line":4,"column":30}},"loc":{"start":{"line":6,"column":35},"end":{"line":24,"column":1}}},"1":{"name":"(anonymous_1)","decl":{"start":{"line":15,"column":48},"end":{"line":15,"column":49}},"loc":{"start":{"line":15,"column":77},"end":{"line":22,"column":3}}}},"branchMap":{"0":{"loc":{"start":{"line":11,"column":2},"end":{"line":13,"column":3}},"type":"if","locations":[{"start":{"line":11,"column":2},"end":{"line":13,"column":3}}]},"1":{"loc":{"start":{"line":18,"column":20},"end":{"line":18,"column":50}},"type":"cond-expr","locations":[{"start":{"line":18,"column":32},"end":{"line":18,"column":36}},{"start":{"line":18,"column":36},"end":{"line":18,"column":50}}]},"2":{"loc":{"start":{"line":18,"column":20},"end":{"line":18,"column":36}},"type":"binary-expr","locations":[{"start":{"line":18,"column":20},"end":{"line":18,"column":36}},{"start":{"line":18,"column":32},"end":{"line":18,"column":36}}]},"3":{"loc":{"start":{"line":20,"column":18},"end":{"line":20,"column":53}},"type":"cond-expr","locations":[{"start":{"line":20,"column":30},"end":{"line":20,"column":39}},{"start":{"line":20,"column":42},"end":{"line":20,"column":53}}]}},"s":{"0":0,"1":0,"2":0,"3":0,"4":0,"5":0,"6":0,"7":0,"8":0,"9":0,"10":0,"11":0,"12":0},"f":{"0":0,"1":0},"b":{"0":[0],"1":[0,0],"2":[0,0],"3":[0,0]}}
,"C:\\Users\\ybot1\\Documents\\GitHub\\test-coverage-visualizer\\utils\\removePrefix.ts": {"path":"C:\\Users\\ybot1\\Documents\\GitHub\\test-coverage-visualizer\\utils\\removePrefix.ts","statementMap":{"0":{"start":{"line":1,"column":0},"end":{"line":1,"column":16}},"1":{"start":{"line":2,"column":2},"end":{"line":4,"column":3}},"2":{"start":{"line":3,"column":4},"end":{"line":3,"column":36}},"3":{"start":{"line":5,"column":2},"end":{"line":5,"column":13}}},"fnMap":{"0":{"name":"removePrefix","decl":{"start":{"line":1,"column":16},"end":{"line":1,"column":28}},"loc":{"start":{"line":1,"column":56},"end":{"line":6,"column":1}}}},"branchMap":{"0":{"loc":{"start":{"line":2,"column":2},"end":{"line":4,"column":3}},"type":"if","locations":[{"start":{"line":2,"column":2},"end":{"line":4,"column":3}}]}},"s":{"0":0,"1":0,"2":0,"3":0},"f":{"0":0},"b":{"0":[0]}}
,"C:\\Users\\ybot1\\Documents\\GitHub\\test-coverage-visualizer\\utils\\replaceTextWithSpanByColumn.ts": {"path":"C:\\Users\\ybot1\\Documents\\GitHub\\test-coverage-visualizer\\utils\\replaceTextWithSpanByColumn.ts","statementMap":{"0":{"start":{"line":1,"column":0},"end":{"line":1,"column":16}},"1":{"start":{"line":6,"column":13},"end":{"line":6,"column":47}},"2":{"start":{"line":7,"column":2},"end":{"line":7,"column":18}},"3":{"start":{"line":7,"column":11},"end":{"line":7,"column":18}},"4":{"start":{"line":10,"column":15},"end":{"line":10,"column":29}},"5":{"start":{"line":11,"column":2},"end":{"line":11,"column":20}},"6":{"start":{"line":13,"column":2},"end":{"line":15,"column":3}},"7":{"start":{"line":14,"column":4},"end":{"line":14,"column":11}},"8":{"start":{"line":17,"column":2},"end":{"line":17,"column":73}},"9":{"start":{"line":17,"column":66},"end":{"line":17,"column":73}},"10":{"start":{"line":20,"column":22},"end":{"line":20,"column":34}},"11":{"start":{"line":21,"column":20},"end":{"line":21,"column":63}},"12":{"start":{"line":22,"column":17},"end":{"line":22,"column":43}},"13":{"start":{"line":23,"column":17},"end":{"line":23,"column":51}},"14":{"start":{"line":24,"column":16},"end":{"line":24,"column":37}},"15":{"start":{"line":27,"column":15},"end":{"line":27,"column":45}},"16":{"start":{"line":28,"column":2},"end":{"line":28,"column":28}},"17":{"start":{"line":29,"column":2},"end":{"line":29,"column":35}},"18":{"start":{"line":32,"column":2},"end":{"line":32,"column":22}},"19":{"start":{"line":33,"column":2},"end":{"line":33,"column":62}},"20":{"start":{"line":33,"column":14},"end":{"line":33,"column":62}},"21":{"start":{"line":34,"column":2},"end":{"line":34,"column":23}},"22":{"start":{"line":35,"column":2},"end":{"line":35,"column":60}},"23":{"start":{"line":35,"column":13},"end":{"line":35,"column":60}}},"fnMap":{"0":{"name":"replaceTextWithSpanByColumn","decl":{"start":{"line":1,"column":16},"end":{"line":1,"column":43}},"loc":{"start":{"line":4,"column":16},"end":{"line":36,"column":1}}}},"branchMap":{"0":{"loc":{"start":{"line":7,"column":2},"end":{"line":7,"column":18}},"type":"if","locations":[{"start":{"line":7,"column":2},"end":{"line":7,"column":18}}]},"1":{"loc":{"start":{"line":13,"column":2},"end":{"line":15,"column":3}},"type":"if","locations":[{"start":{"line":13,"column":2},"end":{"line":15,"column":3}}]},"2":{"loc":{"start":{"line":17,"column":2},"end":{"line":17,"column":73}},"type":"if","locations":[{"start":{"line":17,"column":2},"end":{"line":17,"column":73}}]},"3":{"loc":{"start":{"line":17,"column":6},"end":{"line":17,"column":64}},"type":"binary-expr","locations":[{"start":{"line":17,"column":6},"end":{"line":17,"column":18}},{"start":{"line":17,"column":22},"end":{"line":17,"column":42}},{"start":{"line":17,"column":46},"end":{"line":17,"column":64}}]},"4":{"loc":{"start":{"line":21,"column":20},"end":{"line":21,"column":63}},"type":"cond-expr","locations":[{"start":{"line":21,"column":39},"end":{"line":21,"column":50}},{"start":{"line":21,"column":53},"end":{"line":21,"column":63}}]},"5":{"loc":{"start":{"line":33,"column":2},"end":{"line":33,"column":62}},"type":"if","locations":[{"start":{"line":33,"column":2},"end":{"line":33,"column":62}}]},"6":{"loc":{"start":{"line":35,"column":2},"end":{"line":35,"column":60}},"type":"if","locations":[{"start":{"line":35,"column":2},"end":{"line":35,"column":60}}]}},"s":{"0":0,"1":0,"2":0,"3":0,"4":0,"5":0,"6":0,"7":0,"8":0,"9":0,"10":0,"11":0,"12":0,"13":0,"14":0,"15":0,"16":0,"17":0,"18":0,"19":0,"20":0,"21":0,"22":0,"23":0},"f":{"0":0},"b":{"0":[0],"1":[0],"2":[0],"3":[0,0,0],"4":[0,0],"5":[0],"6":[0]}}
,"C:\\Users\\ybot1\\Documents\\GitHub\\test-coverage-visualizer\\utils\\splitPath.ts": {"path":"C:\\Users\\ybot1\\Documents\\GitHub\\test-coverage-visualizer\\utils\\splitPath.ts","statementMap":{"0":{"start":{"line":2,"column":0},"end":{"line":2,"column":16}},"1":{"start":{"line":3,"column":2},"end":{"line":3,"column":34}}},"fnMap":{"0":{"name":"splitPath","decl":{"start":{"line":2,"column":16},"end":{"line":2,"column":25}},"loc":{"start":{"line":2,"column":42},"end":{"line":4,"column":1}}}},"branchMap":{},"s":{"0":0,"1":0},"f":{"0":0},"b":{}}
}
