{"C:\\Users\\ybot1\\Documents\\GitHub\\test-coverage-visualizer\\app\\layout.tsx": {"path":"C:\\Users\\ybot1\\Documents\\GitHub\\test-coverage-visualizer\\app\\layout.tsx","statementMap":{"0":{"start":{"line":9,"column":13},"end":{"line":12,"column":null}},"1":{"start":{"line":14,"column":34},"end":{"line":18,"column":2}},"2":{"start":{"line":25,"column":15},"end":{"line":25,"column":null}},"3":{"start":{"line":26,"column":32},"end":{"line":26,"column":null}}},"fnMap":{"0":{"name":"RootLayout","decl":{"start":{"line":20,"column":30},"end":{"line":20,"column":41}},"loc":{"start":{"line":24,"column":2},"end":{"line":42,"column":null}}}},"branchMap":{},"s":{"0":0,"1":0,"2":0,"3":0},"f":{"0":0},"b":{}}
,"C:\\Users\\ybot1\\Documents\\GitHub\\test-coverage-visualizer\\app\\[[...slug]]\\page.tsx": {"path":"C:\\Users\\ybot1\\Documents\\GitHub\\test-coverage-visualizer\\app\\[[...slug]]\\page.tsx","statementMap":{"0":{"start":{"line":20,"column":17},"end":{"line":20,"column":null}},"1":{"start":{"line":21,"column":35},"end":{"line":21,"column":null}},"2":{"start":{"line":23,"column":2},"end":{"line":25,"column":null}},"3":{"start":{"line":27,"column":15},"end":{"line":27,"column":26}},"4":{"start":{"line":28,"column":15},"end":{"line":28,"column":null}},"5":{"start":{"line":29,"column":17},"end":{"line":29,"column":null}},"6":{"start":{"line":30,"column":17},"end":{"line":30,"column":null}},"7":{"start":{"line":31,"column":30},"end":{"line":31,"column":null}},"8":{"start":{"line":32,"column":16},"end":{"line":32,"column":null}},"9":{"start":{"line":33,"column":23},"end":{"line":35,"column":null}},"10":{"start":{"line":34,"column":19},"end":{"line":34,"column":null}},"11":{"start":{"line":35,"column":16},"end":{"line":35,"column":null}},"12":{"start":{"line":36,"column":14},"end":{"line":36,"column":null}},"13":{"start":{"line":37,"column":18},"end":{"line":39,"column":null}},"14":{"start":{"line":38,"column":39},"end":{"line":38,"column":null}},"15":{"start":{"line":39,"column":51},"end":{"line":39,"column":null}},"16":{"start":{"line":41,"column":32},"end":{"line":41,"column":48}},"17":{"start":{"line":43,"column":2},"end":{"line":47,"column":null}},"18":{"start":{"line":44,"column":4},"end":{"line":46,"column":null}},"19":{"start":{"line":49,"column":53},"end":{"line":49,"column":null}}},"fnMap":{"0":{"name":"Page","decl":{"start":{"line":19,"column":24},"end":{"line":19,"column":null}},"loc":{"start":{"line":19,"column":24},"end":{"line":128,"column":null}}},"1":{"name":"(anonymous_1)","decl":{"start":{"line":34,"column":12},"end":{"line":34,"column":13}},"loc":{"start":{"line":34,"column":19},"end":{"line":34,"column":null}}},"2":{"name":"(anonymous_2)","decl":{"start":{"line":35,"column":9},"end":{"line":35,"column":10}},"loc":{"start":{"line":35,"column":16},"end":{"line":35,"column":null}}},"3":{"name":"(anonymous_3)","decl":{"start":{"line":38,"column":32},"end":{"line":38,"column":33}},"loc":{"start":{"line":38,"column":39},"end":{"line":38,"column":null}}},"4":{"name":"(anonymous_4)","decl":{"start":{"line":39,"column":44},"end":{"line":39,"column":45}},"loc":{"start":{"line":39,"column":51},"end":{"line":39,"column":null}}}},"branchMap":{"0":{"loc":{"start":{"line":23,"column":2},"end":{"line":25,"column":null}},"type":"if","locations":[{"start":{"line":23,"column":2},"end":{"line":25,"column":null}}]},"1":{"loc":{"start":{"line":23,"column":6},"end":{"line":23,"column":32}},"type":"binary-expr","locations":[{"start":{"line":23,"column":6},"end":{"line":23,"column":18}},{"start":{"line":23,"column":18},"end":{"line":23,"column":32}}]},"2":{"loc":{"start":{"line":28,"column":15},"end":{"line":28,"column":null}},"type":"cond-expr","locations":[{"start":{"line":28,"column":23},"end":{"line":28,"column":70}},{"start":{"line":28,"column":70},"end":{"line":28,"column":null}}]},"3":{"loc":{"start":{"line":28,"column":23},"end":{"line":28,"column":70}},"type":"cond-expr","locations":[{"start":{"line":28,"column":45},"end":{"line":28,"column":62}},{"start":{"line":28,"column":62},"end":{"line":28,"column":70}}]},"4":{"loc":{"start":{"line":29,"column":17},"end":{"line":29,"column":null}},"type":"binary-expr","locations":[{"start":{"line":29,"column":17},"end":{"line":29,"column":26}},{"start":{"line":29,"column":26},"end":{"line":29,"column":null}}]},"5":{"loc":{"start":{"line":30,"column":20},"end":{"line":30,"column":null}},"type":"binary-expr","locations":[{"start":{"line":30,"column":20},"end":{"line":30,"column":28}},{"start":{"line":30,"column":28},"end":{"line":30,"column":null}}]},"6":{"loc":{"start":{"line":37,"column":18},"end":{"line":39,"column":null}},"type":"cond-expr","locations":[{"start":{"line":38,"column":6},"end":{"line":38,"column":null}},{"start":{"line":39,"column":6},"end":{"line":39,"column":null}}]},"7":{"loc":{"start":{"line":43,"column":2},"end":{"line":47,"column":null}},"type":"if","locations":[{"start":{"line":43,"column":2},"end":{"line":47,"column":null}}]},"8":{"loc":{"start":{"line":43,"column":6},"end":{"line":43,"column":26}},"type":"binary-expr","locations":[{"start":{"line":43,"column":6},"end":{"line":43,"column":17}},{"start":{"line":43,"column":17},"end":{"line":43,"column":26}}]},"9":{"loc":{"start":{"line":44,"column":15},"end":{"line":46,"column":36}},"type":"cond-expr","locations":[{"start":{"line":45,"column":8},"end":{"line":45,"column":48}},{"start":{"line":46,"column":8},"end":{"line":46,"column":36}}]},"10":{"loc":{"start":{"line":58,"column":15},"end":{"line":58,"column":null}},"type":"binary-expr","locations":[{"start":{"line":58,"column":15},"end":{"line":58,"column":null}}]},"11":{"loc":{"start":{"line":104,"column":13},"end":{"line":104,"column":null}},"type":"binary-expr","locations":[{"start":{"line":104,"column":13},"end":{"line":104,"column":null}}]},"12":{"loc":{"start":{"line":113,"column":13},"end":{"line":113,"column":null}},"type":"binary-expr","locations":[{"start":{"line":113,"column":13},"end":{"line":113,"column":null}}]},"13":{"loc":{"start":{"line":117,"column":18},"end":{"line":119,"column":null}},"type":"cond-expr","locations":[{"start":{"line":118,"column":22},"end":{"line":118,"column":70}},{"start":{"line":119,"column":22},"end":{"line":119,"column":null}}]}},"s":{"0":0,"1":0,"2":0,"3":0,"4":0,"5":0,"6":0,"7":0,"8":0,"9":0,"10":0,"11":0,"12":0,"13":0,"14":0,"15":0,"16":0,"17":0,"18":0,"19":0},"f":{"0":0,"1":0,"2":0,"3":0,"4":0},"b":{"0":[0],"1":[0,0],"2":[0,0],"3":[0,0],"4":[0,0],"5":[0,0],"6":[0,0],"7":[0],"8":[0,0],"9":[0,0],"10":[0],"11":[0],"12":[0],"13":[0,0]}}
,"C:\\Users\\ybot1\\Documents\\GitHub\\test-coverage-visualizer\\app\\get_file\\route.ts": {"path":"C:\\Users\\ybot1\\Documents\\GitHub\\test-coverage-visualizer\\app\\get_file\\route.ts","statementMap":{"0":{"start":{"line":5,"column":27},"end":{"line":9,"column":null}},"1":{"start":{"line":6,"column":23},"end":{"line":6,"column":null}},"2":{"start":{"line":7,"column":2},"end":{"line":7,"column":null}},"3":{"start":{"line":7,"column":27},"end":{"line":7,"column":null}},"4":{"start":{"line":8,"column":2},"end":{"line":8,"column":null}},"5":{"start":{"line":12,"column":27},"end":{"line":12,"column":null}},"6":{"start":{"line":13,"column":22},"end":{"line":13,"column":null}},"7":{"start":{"line":14,"column":14},"end":{"line":14,"column":null}},"8":{"start":{"line":16,"column":15},"end":{"line":16,"column":null}},"9":{"start":{"line":18,"column":2},"end":{"line":23,"column":null}},"10":{"start":{"line":19,"column":4},"end":{"line":21,"column":null}},"11":{"start":{"line":25,"column":15},"end":{"line":25,"column":null}},"12":{"start":{"line":26,"column":2},"end":{"line":31,"column":null}},"13":{"start":{"line":27,"column":4},"end":{"line":29,"column":null}},"14":{"start":{"line":33,"column":2},"end":{"line":44,"column":null}},"15":{"start":{"line":34,"column":17},"end":{"line":34,"column":null}},"16":{"start":{"line":35,"column":4},"end":{"line":35,"column":null}},"17":{"start":{"line":37,"column":4},"end":{"line":42,"column":null}}},"fnMap":{"0":{"name":"(anonymous_0)","decl":{"start":{"line":5,"column":27},"end":{"line":5,"column":28}},"loc":{"start":{"line":5,"column":28},"end":{"line":9,"column":null}}},"1":{"name":"GET","decl":{"start":{"line":11,"column":22},"end":{"line":11,"column":26}},"loc":{"start":{"line":11,"column":42},"end":{"line":45,"column":null}}}},"branchMap":{"0":{"loc":{"start":{"line":7,"column":2},"end":{"line":7,"column":null}},"type":"if","locations":[{"start":{"line":7,"column":2},"end":{"line":7,"column":null}}]},"1":{"loc":{"start":{"line":16,"column":34},"end":{"line":16,"column":null}},"type":"binary-expr","locations":[{"start":{"line":16,"column":34},"end":{"line":16,"column":49}},{"start":{"line":16,"column":49},"end":{"line":16,"column":null}}]},"2":{"loc":{"start":{"line":18,"column":2},"end":{"line":23,"column":null}},"type":"if","locations":[{"start":{"line":18,"column":2},"end":{"line":23,"column":null}}]},"3":{"loc":{"start":{"line":18,"column":6},"end":{"line":18,"column":21}},"type":"binary-expr","locations":[{"start":{"line":18,"column":6},"end":{"line":18,"column":14}},{"start":{"line":18,"column":14},"end":{"line":18,"column":21}}]},"4":{"loc":{"start":{"line":26,"column":2},"end":{"line":31,"column":null}},"type":"if","locations":[{"start":{"line":26,"column":2},"end":{"line":31,"column":null}}]}},"s":{"0":0,"1":0,"2":0,"3":0,"4":0,"5":0,"6":0,"7":0,"8":0,"9":0,"10":0,"11":0,"12":0,"13":0,"14":0,"15":0,"16":0,"17":0},"f":{"0":0,"1":0},"b":{"0":[0],"1":[0,0],"2":[0],"3":[0,0],"4":[0]}}
,"C:\\Users\\ybot1\\Documents\\GitHub\\test-coverage-visualizer\\app\\summarize_file\\route.ts": {"path":"C:\\Users\\ybot1\\Documents\\GitHub\\test-coverage-visualizer\\app\\summarize_file\\route.ts","statementMap":{"0":{"start":{"line":6,"column":26},"end":{"line":6,"column":55}},"1":{"start":{"line":7,"column":18},"end":{"line":9,"column":null}},"2":{"start":{"line":12,"column":27},"end":{"line":12,"column":null}},"3":{"start":{"line":13,"column":15},"end":{"line":13,"column":null}},"4":{"start":{"line":14,"column":15},"end":{"line":14,"column":null}},"5":{"start":{"line":16,"column":2},"end":{"line":18,"column":null}},"6":{"start":{"line":17,"column":4},"end":{"line":17,"column":null}},"7":{"start":{"line":20,"column":15},"end":{"line":20,"column":null}},"8":{"start":{"line":22,"column":15},"end":{"line":22,"column":null}},"9":{"start":{"line":24,"column":2},"end":{"line":75,"column":null}},"10":{"start":{"line":25,"column":19},"end":{"line":51,"column":null}},"11":{"start":{"line":54,"column":20},"end":{"line":54,"column":null}},"12":{"start":{"line":55,"column":21},"end":{"line":68,"column":null}},"13":{"start":{"line":57,"column":8},"end":{"line":65,"column":null}},"14":{"start":{"line":58,"column":10},"end":{"line":64,"column":null}},"15":{"start":{"line":63,"column":12},"end":{"line":63,"column":null}},"16":{"start":{"line":66,"column":8},"end":{"line":66,"column":null}},"17":{"start":{"line":70,"column":4},"end":{"line":72,"column":null}},"18":{"start":{"line":74,"column":4},"end":{"line":74,"column":null}},"19":{"start":{"line":77,"column":2},"end":{"line":77,"column":null}},"20":{"start":{"line":80,"column":23},"end":{"line":80,"column":30}}},"fnMap":{"0":{"name":"GET","decl":{"start":{"line":11,"column":22},"end":{"line":11,"column":26}},"loc":{"start":{"line":11,"column":42},"end":{"line":78,"column":null}}},"1":{"name":"(anonymous_1)","decl":{"start":{"line":56,"column":6},"end":{"line":56,"column":12}},"loc":{"start":{"line":56,"column":28},"end":{"line":67,"column":null}}}},"branchMap":{"0":{"loc":{"start":{"line":16,"column":2},"end":{"line":18,"column":null}},"type":"if","locations":[{"start":{"line":16,"column":2},"end":{"line":18,"column":null}}]},"1":{"loc":{"start":{"line":58,"column":10},"end":{"line":64,"column":null}},"type":"if","locations":[{"start":{"line":58,"column":10},"end":{"line":64,"column":null}}]},"2":{"loc":{"start":{"line":59,"column":12},"end":{"line":61,"column":null}},"type":"binary-expr","locations":[{"start":{"line":59,"column":12},"end":{"line":59,"column":null}},{"start":{"line":60,"column":12},"end":{"line":60,"column":25}},{"start":{"line":61,"column":12},"end":{"line":61,"column":null}}]}},"s":{"0":0,"1":0,"2":0,"3":0,"4":0,"5":0,"6":0,"7":0,"8":0,"9":0,"10":0,"11":0,"12":0,"13":0,"14":0,"15":0,"16":0,"17":0,"18":0,"19":0,"20":0},"f":{"0":0,"1":0},"b":{"0":[0],"1":[0],"2":[0,0,0]}}
,"C:\\Users\\ybot1\\Documents\\GitHub\\test-coverage-visualizer\\app\\summarize_line\\route.ts": {"path":"C:\\Users\\ybot1\\Documents\\GitHub\\test-coverage-visualizer\\app\\summarize_line\\route.ts","statementMap":{"0":{"start":{"line":6,"column":26},"end":{"line":6,"column":55}},"1":{"start":{"line":7,"column":18},"end":{"line":9,"column":null}},"2":{"start":{"line":12,"column":27},"end":{"line":12,"column":null}},"3":{"start":{"line":13,"column":15},"end":{"line":13,"column":null}},"4":{"start":{"line":14,"column":19},"end":{"line":14,"column":null}},"5":{"start":{"line":15,"column":15},"end":{"line":15,"column":null}},"6":{"start":{"line":17,"column":2},"end":{"line":19,"column":null}},"7":{"start":{"line":18,"column":4},"end":{"line":18,"column":null}},"8":{"start":{"line":21,"column":15},"end":{"line":21,"column":null}},"9":{"start":{"line":23,"column":15},"end":{"line":23,"column":null}},"10":{"start":{"line":25,"column":2},"end":{"line":86,"column":null}},"11":{"start":{"line":26,"column":19},"end":{"line":62,"column":null}},"12":{"start":{"line":65,"column":20},"end":{"line":65,"column":null}},"13":{"start":{"line":66,"column":21},"end":{"line":79,"column":null}},"14":{"start":{"line":68,"column":8},"end":{"line":76,"column":null}},"15":{"start":{"line":69,"column":10},"end":{"line":75,"column":null}},"16":{"start":{"line":74,"column":12},"end":{"line":74,"column":null}},"17":{"start":{"line":77,"column":8},"end":{"line":77,"column":null}},"18":{"start":{"line":81,"column":4},"end":{"line":83,"column":null}},"19":{"start":{"line":85,"column":4},"end":{"line":85,"column":null}},"20":{"start":{"line":88,"column":2},"end":{"line":88,"column":null}},"21":{"start":{"line":91,"column":23},"end":{"line":91,"column":30}}},"fnMap":{"0":{"name":"GET","decl":{"start":{"line":11,"column":22},"end":{"line":11,"column":26}},"loc":{"start":{"line":11,"column":42},"end":{"line":89,"column":null}}},"1":{"name":"(anonymous_1)","decl":{"start":{"line":67,"column":6},"end":{"line":67,"column":12}},"loc":{"start":{"line":67,"column":28},"end":{"line":78,"column":null}}}},"branchMap":{"0":{"loc":{"start":{"line":17,"column":2},"end":{"line":19,"column":null}},"type":"if","locations":[{"start":{"line":17,"column":2},"end":{"line":19,"column":null}}]},"1":{"loc":{"start":{"line":17,"column":6},"end":{"line":17,"column":35}},"type":"binary-expr","locations":[{"start":{"line":17,"column":6},"end":{"line":17,"column":15}},{"start":{"line":17,"column":15},"end":{"line":17,"column":28}},{"start":{"line":17,"column":28},"end":{"line":17,"column":35}}]},"2":{"loc":{"start":{"line":69,"column":10},"end":{"line":75,"column":null}},"type":"if","locations":[{"start":{"line":69,"column":10},"end":{"line":75,"column":null}}]},"3":{"loc":{"start":{"line":70,"column":12},"end":{"line":72,"column":null}},"type":"binary-expr","locations":[{"start":{"line":70,"column":12},"end":{"line":70,"column":null}},{"start":{"line":71,"column":12},"end":{"line":71,"column":25}},{"start":{"line":72,"column":12},"end":{"line":72,"column":null}}]}},"s":{"0":0,"1":0,"2":0,"3":0,"4":0,"5":0,"6":0,"7":0,"8":0,"9":0,"10":0,"11":0,"12":0,"13":0,"14":0,"15":0,"16":0,"17":0,"18":0,"19":0,"20":0,"21":0},"f":{"0":0,"1":0},"b":{"0":[0],"1":[0,0,0],"2":[0],"3":[0,0,0]}}
,"C:\\Users\\ybot1\\Documents\\GitHub\\test-coverage-visualizer\\app\\test_recommendation\\route.ts": {"path":"C:\\Users\\ybot1\\Documents\\GitHub\\test-coverage-visualizer\\app\\test_recommendation\\route.ts","statementMap":{"0":{"start":{"line":6,"column":26},"end":{"line":6,"column":55}},"1":{"start":{"line":7,"column":18},"end":{"line":9,"column":null}},"2":{"start":{"line":12,"column":27},"end":{"line":12,"column":null}},"3":{"start":{"line":13,"column":15},"end":{"line":13,"column":null}},"4":{"start":{"line":14,"column":15},"end":{"line":14,"column":null}},"5":{"start":{"line":15,"column":20},"end":{"line":15,"column":null}},"6":{"start":{"line":17,"column":2},"end":{"line":19,"column":null}},"7":{"start":{"line":18,"column":4},"end":{"line":18,"column":null}},"8":{"start":{"line":21,"column":15},"end":{"line":21,"column":null}},"9":{"start":{"line":23,"column":15},"end":{"line":23,"column":null}},"10":{"start":{"line":25,"column":17},"end":{"line":27,"column":5}},"11":{"start":{"line":29,"column":17},"end":{"line":31,"column":null}},"12":{"start":{"line":33,"column":2},"end":{"line":84,"column":null}},"13":{"start":{"line":34,"column":19},"end":{"line":60,"column":null}},"14":{"start":{"line":63,"column":20},"end":{"line":63,"column":null}},"15":{"start":{"line":64,"column":21},"end":{"line":77,"column":null}},"16":{"start":{"line":66,"column":8},"end":{"line":74,"column":null}},"17":{"start":{"line":67,"column":10},"end":{"line":73,"column":null}},"18":{"start":{"line":72,"column":12},"end":{"line":72,"column":null}},"19":{"start":{"line":75,"column":8},"end":{"line":75,"column":null}},"20":{"start":{"line":79,"column":4},"end":{"line":81,"column":null}},"21":{"start":{"line":83,"column":4},"end":{"line":83,"column":null}},"22":{"start":{"line":86,"column":2},"end":{"line":86,"column":null}},"23":{"start":{"line":89,"column":23},"end":{"line":89,"column":30}}},"fnMap":{"0":{"name":"GET","decl":{"start":{"line":11,"column":22},"end":{"line":11,"column":26}},"loc":{"start":{"line":11,"column":42},"end":{"line":87,"column":null}}},"1":{"name":"(anonymous_1)","decl":{"start":{"line":65,"column":6},"end":{"line":65,"column":12}},"loc":{"start":{"line":65,"column":28},"end":{"line":76,"column":null}}}},"branchMap":{"0":{"loc":{"start":{"line":17,"column":2},"end":{"line":19,"column":null}},"type":"if","locations":[{"start":{"line":17,"column":2},"end":{"line":19,"column":null}}]},"1":{"loc":{"start":{"line":26,"column":4},"end":{"line":26,"column":null}},"type":"cond-expr","locations":[{"start":{"line":26,"column":11},"end":{"line":26,"column":25}},{"start":{"line":26,"column":28},"end":{"line":26,"column":null}}]},"2":{"loc":{"start":{"line":29,"column":17},"end":{"line":31,"column":null}},"type":"cond-expr","locations":[{"start":{"line":30,"column":6},"end":{"line":30,"column":null}},{"start":{"line":31,"column":6},"end":{"line":31,"column":null}}]},"3":{"loc":{"start":{"line":67,"column":10},"end":{"line":73,"column":null}},"type":"if","locations":[{"start":{"line":67,"column":10},"end":{"line":73,"column":null}}]},"4":{"loc":{"start":{"line":68,"column":12},"end":{"line":70,"column":null}},"type":"binary-expr","locations":[{"start":{"line":68,"column":12},"end":{"line":68,"column":null}},{"start":{"line":69,"column":12},"end":{"line":69,"column":25}},{"start":{"line":70,"column":12},"end":{"line":70,"column":null}}]}},"s":{"0":0,"1":0,"2":0,"3":0,"4":0,"5":0,"6":0,"7":0,"8":0,"9":0,"10":0,"11":0,"12":0,"13":0,"14":0,"15":0,"16":0,"17":0,"18":0,"19":0,"20":0,"21":0,"22":0,"23":0},"f":{"0":0,"1":0},"b":{"0":[0],"1":[0,0],"2":[0,0],"3":[0],"4":[0,0,0]}}
,"C:\\Users\\ybot1\\Documents\\GitHub\\test-coverage-visualizer\\components\\CoverageDataContext.tsx": {"path":"C:\\Users\\ybot1\\Documents\\GitHub\\test-coverage-visualizer\\components\\CoverageDataContext.tsx","statementMap":{"0":{"start":{"line":14,"column":28},"end":{"line":14,"column":null}},"1":{"start":{"line":25,"column":2},"end":{"line":28,"column":2}},"2":{"start":{"line":31,"column":31},"end":{"line":31,"column":69}},"3":{"start":{"line":31,"column":37},"end":{"line":31,"column":69}}},"fnMap":{"0":{"name":"(anonymous_0)","decl":{"start":{"line":18,"column":15},"end":{"line":18,"column":16}},"loc":{"start":{"line":25,"column":2},"end":{"line":28,"column":2}}},"1":{"name":"(anonymous_1)","decl":{"start":{"line":31,"column":31},"end":{"line":31,"column":37}},"loc":{"start":{"line":31,"column":37},"end":{"line":31,"column":69}}}},"branchMap":{},"s":{"0":0,"1":0,"2":0,"3":0},"f":{"0":0,"1":0},"b":{}}
,"C:\\Users\\ybot1\\Documents\\GitHub\\test-coverage-visualizer\\components\\FileTable.tsx": {"path":"C:\\Users\\ybot1\\Documents\\GitHub\\test-coverage-visualizer\\components\\FileTable.tsx","statementMap":{"0":{"start":{"line":18,"column":2},"end":{"line":18,"column":null}},"1":{"start":{"line":20,"column":2},"end":{"line":20,"column":null}},"2":{"start":{"line":20,"column":19},"end":{"line":20,"column":null}},"3":{"start":{"line":22,"column":19},"end":{"line":22,"column":null}},"4":{"start":{"line":23,"column":2},"end":{"line":23,"column":null}},"5":{"start":{"line":26,"column":42},"end":{"line":31,"column":null}},"6":{"start":{"line":33,"column":51},"end":{"line":162,"column":2}},"7":{"start":{"line":39,"column":26},"end":{"line":39,"column":null}},"8":{"start":{"line":40,"column":36},"end":{"line":40,"column":null}},"9":{"start":{"line":41,"column":32},"end":{"line":42,"column":null}},"10":{"start":{"line":45,"column":2},"end":{"line":68,"column":null}},"11":{"start":{"line":46,"column":18},"end":{"line":46,"column":null}},"12":{"start":{"line":47,"column":20},"end":{"line":49,"column":null}},"13":{"start":{"line":48,"column":40},"end":{"line":48,"column":67}},"14":{"start":{"line":50,"column":18},"end":{"line":50,"column":null}},"15":{"start":{"line":50,"column":41},"end":{"line":50,"column":67}},"16":{"start":{"line":52,"column":48},"end":{"line":52,"column":null}},"17":{"start":{"line":54,"column":4},"end":{"line":58,"column":null}},"18":{"start":{"line":55,"column":16},"end":{"line":55,"column":null}},"19":{"start":{"line":56,"column":18},"end":{"line":56,"column":null}},"20":{"start":{"line":56,"column":63},"end":{"line":56,"column":null}},"21":{"start":{"line":57,"column":6},"end":{"line":57,"column":null}},"22":{"start":{"line":60,"column":4},"end":{"line":65,"column":null}},"23":{"start":{"line":61,"column":18},"end":{"line":62,"column":null}},"24":{"start":{"line":62,"column":8},"end":{"line":62,"column":null}},"25":{"start":{"line":64,"column":6},"end":{"line":64,"column":null}},"26":{"start":{"line":67,"column":4},"end":{"line":67,"column":null}},"27":{"start":{"line":77,"column":16},"end":{"line":77,"column":null}},"28":{"start":{"line":78,"column":16},"end":{"line":78,"column":null}},"29":{"start":{"line":78,"column":40},"end":{"line":78,"column":null}},"30":{"start":{"line":87,"column":16},"end":{"line":87,"column":null}},"31":{"start":{"line":88,"column":16},"end":{"line":88,"column":null}},"32":{"start":{"line":88,"column":40},"end":{"line":88,"column":null}},"33":{"start":{"line":97,"column":16},"end":{"line":97,"column":null}},"34":{"start":{"line":98,"column":16},"end":{"line":98,"column":null}},"35":{"start":{"line":98,"column":40},"end":{"line":98,"column":null}},"36":{"start":{"line":107,"column":16},"end":{"line":107,"column":null}},"37":{"start":{"line":108,"column":16},"end":{"line":108,"column":null}},"38":{"start":{"line":108,"column":40},"end":{"line":108,"column":null}},"39":{"start":{"line":119,"column":16},"end":{"line":119,"column":null}},"40":{"start":{"line":120,"column":16},"end":{"line":120,"column":null}},"41":{"start":{"line":120,"column":40},"end":{"line":120,"column":null}},"42":{"start":{"line":132,"column":39},"end":{"line":132,"column":null}},"43":{"start":{"line":133,"column":39},"end":{"line":133,"column":null}},"44":{"start":{"line":135,"column":12},"end":{"line":139,"column":null}},"45":{"start":{"line":136,"column":14},"end":{"line":138,"column":null}},"46":{"start":{"line":141,"column":27},"end":{"line":141,"column":null}},"47":{"start":{"line":142,"column":27},"end":{"line":142,"column":null}},"48":{"start":{"line":144,"column":12},"end":{"line":144,"column":null}},"49":{"start":{"line":147,"column":25},"end":{"line":147,"column":null}},"50":{"start":{"line":149,"column":12},"end":{"line":151,"column":null}}},"fnMap":{"0":{"name":"getFirstPathSegment","decl":{"start":{"line":16,"column":9},"end":{"line":16,"column":29}},"loc":{"start":{"line":16,"column":41},"end":{"line":24,"column":null}}},"1":{"name":"(anonymous_1)","decl":{"start":{"line":33,"column":51},"end":{"line":33,"column":52}},"loc":{"start":{"line":38,"column":1},"end":{"line":162,"column":2}}},"2":{"name":"(anonymous_2)","decl":{"start":{"line":45,"column":12},"end":{"line":45,"column":null}},"loc":{"start":{"line":45,"column":12},"end":{"line":68,"column":5}}},"3":{"name":"(anonymous_3)","decl":{"start":{"line":48,"column":30},"end":{"line":48,"column":31}},"loc":{"start":{"line":48,"column":40},"end":{"line":48,"column":67}}},"4":{"name":"(anonymous_4)","decl":{"start":{"line":50,"column":31},"end":{"line":50,"column":32}},"loc":{"start":{"line":50,"column":41},"end":{"line":50,"column":67}}},"5":{"name":"(anonymous_5)","decl":{"start":{"line":54,"column":20},"end":{"line":54,"column":21}},"loc":{"start":{"line":54,"column":21},"end":{"line":58,"column":null}}},"6":{"name":"(anonymous_6)","decl":{"start":{"line":56,"column":56},"end":{"line":56,"column":57}},"loc":{"start":{"line":56,"column":63},"end":{"line":56,"column":null}}},"7":{"name":"(anonymous_7)","decl":{"start":{"line":60,"column":18},"end":{"line":60,"column":19}},"loc":{"start":{"line":60,"column":19},"end":{"line":65,"column":null}}},"8":{"name":"(anonymous_8)","decl":{"start":{"line":61,"column":52},"end":{"line":61,"column":53}},"loc":{"start":{"line":62,"column":8},"end":{"line":62,"column":null}}},"9":{"name":"(anonymous_9)","decl":{"start":{"line":76,"column":23},"end":{"line":76,"column":null}},"loc":{"start":{"line":76,"column":23},"end":{"line":79,"column":null}}},"10":{"name":"(anonymous_10)","decl":{"start":{"line":78,"column":29},"end":{"line":78,"column":30}},"loc":{"start":{"line":78,"column":40},"end":{"line":78,"column":null}}},"11":{"name":"(anonymous_11)","decl":{"start":{"line":86,"column":23},"end":{"line":86,"column":null}},"loc":{"start":{"line":86,"column":23},"end":{"line":89,"column":null}}},"12":{"name":"(anonymous_12)","decl":{"start":{"line":88,"column":29},"end":{"line":88,"column":30}},"loc":{"start":{"line":88,"column":40},"end":{"line":88,"column":null}}},"13":{"name":"(anonymous_13)","decl":{"start":{"line":96,"column":23},"end":{"line":96,"column":null}},"loc":{"start":{"line":96,"column":23},"end":{"line":99,"column":null}}},"14":{"name":"(anonymous_14)","decl":{"start":{"line":98,"column":29},"end":{"line":98,"column":30}},"loc":{"start":{"line":98,"column":40},"end":{"line":98,"column":null}}},"15":{"name":"(anonymous_15)","decl":{"start":{"line":106,"column":23},"end":{"line":106,"column":null}},"loc":{"start":{"line":106,"column":23},"end":{"line":109,"column":null}}},"16":{"name":"(anonymous_16)","decl":{"start":{"line":108,"column":29},"end":{"line":108,"column":30}},"loc":{"start":{"line":108,"column":40},"end":{"line":108,"column":null}}},"17":{"name":"(anonymous_17)","decl":{"start":{"line":118,"column":23},"end":{"line":118,"column":null}},"loc":{"start":{"line":118,"column":23},"end":{"line":121,"column":null}}},"18":{"name":"(anonymous_18)","decl":{"start":{"line":120,"column":29},"end":{"line":120,"column":30}},"loc":{"start":{"line":120,"column":40},"end":{"line":120,"column":null}}},"19":{"name":"(anonymous_19)","decl":{"start":{"line":131,"column":16},"end":{"line":131,"column":17}},"loc":{"start":{"line":131,"column":20},"end":{"line":145,"column":null}}},"20":{"name":"(anonymous_20)","decl":{"start":{"line":146,"column":15},"end":{"line":146,"column":16}},"loc":{"start":{"line":146,"column":32},"end":{"line":158,"column":null}}}},"branchMap":{"0":{"loc":{"start":{"line":20,"column":2},"end":{"line":20,"column":null}},"type":"if","locations":[{"start":{"line":20,"column":2},"end":{"line":20,"column":null}}]},"1":{"loc":{"start":{"line":57,"column":22},"end":{"line":57,"column":null}},"type":"cond-expr","locations":[{"start":{"line":57,"column":28},"end":{"line":57,"column":52}},{"start":{"line":57,"column":55},"end":{"line":57,"column":null}}]},"2":{"loc":{"start":{"line":64,"column":20},"end":{"line":64,"column":null}},"type":"cond-expr","locations":[{"start":{"line":64,"column":26},"end":{"line":64,"column":46}},{"start":{"line":64,"column":49},"end":{"line":64,"column":null}}]},"3":{"loc":{"start":{"line":78,"column":40},"end":{"line":78,"column":null}},"type":"cond-expr","locations":[{"start":{"line":78,"column":57},"end":{"line":78,"column":66}},{"start":{"line":78,"column":66},"end":{"line":78,"column":null}}]},"4":{"loc":{"start":{"line":88,"column":40},"end":{"line":88,"column":null}},"type":"cond-expr","locations":[{"start":{"line":88,"column":57},"end":{"line":88,"column":66}},{"start":{"line":88,"column":66},"end":{"line":88,"column":null}}]},"5":{"loc":{"start":{"line":98,"column":40},"end":{"line":98,"column":null}},"type":"cond-expr","locations":[{"start":{"line":98,"column":57},"end":{"line":98,"column":66}},{"start":{"line":98,"column":66},"end":{"line":98,"column":null}}]},"6":{"loc":{"start":{"line":108,"column":40},"end":{"line":108,"column":null}},"type":"cond-expr","locations":[{"start":{"line":108,"column":57},"end":{"line":108,"column":66}},{"start":{"line":108,"column":66},"end":{"line":108,"column":null}}]},"7":{"loc":{"start":{"line":120,"column":40},"end":{"line":120,"column":null}},"type":"cond-expr","locations":[{"start":{"line":120,"column":57},"end":{"line":120,"column":66}},{"start":{"line":120,"column":66},"end":{"line":120,"column":null}}]},"8":{"loc":{"start":{"line":135,"column":12},"end":{"line":139,"column":null}},"type":"if","locations":[{"start":{"line":135,"column":12},"end":{"line":139,"column":null}}]},"9":{"loc":{"start":{"line":136,"column":21},"end":{"line":138,"column":null}},"type":"cond-expr","locations":[{"start":{"line":137,"column":18},"end":{"line":137,"column":null}},{"start":{"line":138,"column":18},"end":{"line":138,"column":null}}]},"10":{"loc":{"start":{"line":141,"column":27},"end":{"line":141,"column":null}},"type":"binary-expr","locations":[{"start":{"line":141,"column":27},"end":{"line":141,"column":77}},{"start":{"line":141,"column":77},"end":{"line":141,"column":null}}]},"11":{"loc":{"start":{"line":142,"column":27},"end":{"line":142,"column":null}},"type":"binary-expr","locations":[{"start":{"line":142,"column":27},"end":{"line":142,"column":77}},{"start":{"line":142,"column":77},"end":{"line":142,"column":null}}]},"12":{"loc":{"start":{"line":144,"column":19},"end":{"line":144,"column":null}},"type":"cond-expr","locations":[{"start":{"line":144,"column":41},"end":{"line":144,"column":59}},{"start":{"line":144,"column":59},"end":{"line":144,"column":null}}]},"13":{"loc":{"start":{"line":147,"column":25},"end":{"line":147,"column":null}},"type":"cond-expr","locations":[{"start":{"line":147,"column":52},"end":{"line":147,"column":61}},{"start":{"line":147,"column":61},"end":{"line":147,"column":null}}]}},"s":{"0":0,"1":0,"2":0,"3":0,"4":0,"5":0,"6":0,"7":0,"8":0,"9":0,"10":0,"11":0,"12":0,"13":0,"14":0,"15":0,"16":0,"17":0,"18":0,"19":0,"20":0,"21":0,"22":0,"23":0,"24":0,"25":0,"26":0,"27":0,"28":0,"29":0,"30":0,"31":0,"32":0,"33":0,"34":0,"35":0,"36":0,"37":0,"38":0,"39":0,"40":0,"41":0,"42":0,"43":0,"44":0,"45":0,"46":0,"47":0,"48":0,"49":0,"50":0},"f":{"0":0,"1":0,"2":0,"3":0,"4":0,"5":0,"6":0,"7":0,"8":0,"9":0,"10":0,"11":0,"12":0,"13":0,"14":0,"15":0,"16":0,"17":0,"18":0,"19":0,"20":0},"b":{"0":[0],"1":[0,0],"2":[0,0],"3":[0,0],"4":[0,0],"5":[0,0],"6":[0,0],"7":[0,0],"8":[0],"9":[0,0],"10":[0,0],"11":[0,0],"12":[0,0],"13":[0,0]}}
,"C:\\Users\\ybot1\\Documents\\GitHub\\test-coverage-visualizer\\components\\FileTableRow.tsx": {"path":"C:\\Users\\ybot1\\Documents\\GitHub\\test-coverage-visualizer\\components\\FileTableRow.tsx","statementMap":{"0":{"start":{"line":4,"column":13},"end":{"line":4,"column":null}},"1":{"start":{"line":2,"column":17},"end":{"line":2,"column":null}},"2":{"start":{"line":9,"column":5},"end":{"line":31,"column":null}}},"fnMap":{"0":{"name":"(anonymous_2)","decl":{"start":{"line":9,"column":5},"end":{"line":9,"column":6}},"loc":{"start":{"line":9,"column":41},"end":{"line":31,"column":null}}}},"branchMap":{"0":{"loc":{"start":{"line":9,"column":8},"end":{"line":9,"column":17}},"type":"default-arg","locations":[{"start":{"line":9,"column":15},"end":{"line":9,"column":17}}]},"1":{"loc":{"start":{"line":13,"column":9},"end":{"line":13,"column":null}},"type":"cond-expr","locations":[{"start":{"line":13,"column":27},"end":{"line":13,"column":34}},{"start":{"line":13,"column":34},"end":{"line":13,"column":null}}]},"2":{"loc":{"start":{"line":16,"column":19},"end":{"line":16,"column":42}},"type":"cond-expr","locations":[{"start":{"line":16,"column":26},"end":{"line":16,"column":36}},{"start":{"line":16,"column":39},"end":{"line":16,"column":42}}]}},"s":{"0":4,"1":1,"2":1},"f":{"0":4},"b":{"0":[2],"1":[3,1],"2":[2,2]}}
,"C:\\Users\\ybot1\\Documents\\GitHub\\test-coverage-visualizer\\components\\LineContext.tsx": {"path":"C:\\Users\\ybot1\\Documents\\GitHub\\test-coverage-visualizer\\components\\LineContext.tsx","statementMap":{"0":{"start":{"line":17,"column":13},"end":{"line":17,"column":35}},"1":{"start":{"line":32,"column":13},"end":{"line":32,"column":27}},"2":{"start":{"line":2,"column":63},"end":{"line":2,"column":null}},"3":{"start":{"line":11,"column":20},"end":{"line":14,"column":null}},"4":{"start":{"line":17,"column":35},"end":{"line":29,"column":null}},"5":{"start":{"line":18,"column":26},"end":{"line":18,"column":null}},"6":{"start":{"line":20,"column":22},"end":{"line":22,"column":null}},"7":{"start":{"line":21,"column":4},"end":{"line":21,"column":null}},"8":{"start":{"line":32,"column":27},"end":{"line":32,"column":null}},"9":{"start":{"line":32,"column":33},"end":{"line":32,"column":null}}},"fnMap":{"0":{"name":"(anonymous_3)","decl":{"start":{"line":13,"column":15},"end":{"line":13,"column":22}},"loc":{"start":{"line":13,"column":15},"end":{"line":13,"column":null}}},"1":{"name":"(anonymous_4)","decl":{"start":{"line":17,"column":35},"end":{"line":17,"column":36}},"loc":{"start":{"line":17,"column":73},"end":{"line":29,"column":null}}},"2":{"name":"(anonymous_5)","decl":{"start":{"line":20,"column":22},"end":{"line":20,"column":23}},"loc":{"start":{"line":20,"column":23},"end":{"line":22,"column":null}}},"3":{"name":"(anonymous_6)","decl":{"start":{"line":32,"column":27},"end":{"line":32,"column":33}},"loc":{"start":{"line":32,"column":33},"end":{"line":32,"column":null}}}},"branchMap":{},"s":{"0":0,"1":6,"2":1,"3":1,"4":1,"5":0,"6":0,"7":0,"8":1,"9":6},"f":{"0":0,"1":0,"2":0,"3":6},"b":{}}
,"C:\\Users\\ybot1\\Documents\\GitHub\\test-coverage-visualizer\\components\\LineInfo.tsx": {"path":"C:\\Users\\ybot1\\Documents\\GitHub\\test-coverage-visualizer\\components\\LineInfo.tsx","statementMap":{"0":{"start":{"line":7,"column":24},"end":{"line":76,"column":2}},"1":{"start":{"line":8,"column":36},"end":{"line":8,"column":null}},"2":{"start":{"line":9,"column":26},"end":{"line":9,"column":null}},"3":{"start":{"line":10,"column":20},"end":{"line":10,"column":null}},"4":{"start":{"line":12,"column":26},"end":{"line":12,"column":null}},"5":{"start":{"line":16,"column":2},"end":{"line":31,"column":null}},"6":{"start":{"line":17,"column":4},"end":{"line":17,"column":null}},"7":{"start":{"line":17,"column":61},"end":{"line":17,"column":null}},"8":{"start":{"line":19,"column":17},"end":{"line":19,"column":null}},"9":{"start":{"line":21,"column":4},"end":{"line":28,"column":null}},"10":{"start":{"line":23,"column":8},"end":{"line":27,"column":null}},"11":{"start":{"line":23,"column":21},"end":{"line":23,"column":36}},"12":{"start":{"line":24,"column":10},"end":{"line":26,"column":null}},"13":{"start":{"line":25,"column":12},"end":{"line":25,"column":null}},"14":{"start":{"line":30,"column":4},"end":{"line":30,"column":null}},"15":{"start":{"line":33,"column":2},"end":{"line":35,"column":null}},"16":{"start":{"line":34,"column":4},"end":{"line":34,"column":null}},"17":{"start":{"line":36,"column":2},"end":{"line":38,"column":null}},"18":{"start":{"line":37,"column":4},"end":{"line":37,"column":null}},"19":{"start":{"line":40,"column":18},"end":{"line":40,"column":76}},"20":{"start":{"line":41,"column":18},"end":{"line":44,"column":null}},"21":{"start":{"line":54,"column":27},"end":{"line":54,"column":null}}},"fnMap":{"0":{"name":"(anonymous_0)","decl":{"start":{"line":7,"column":24},"end":{"line":7,"column":25}},"loc":{"start":{"line":7,"column":59},"end":{"line":76,"column":2}}},"1":{"name":"(anonymous_1)","decl":{"start":{"line":16,"column":12},"end":{"line":16,"column":null}},"loc":{"start":{"line":16,"column":12},"end":{"line":31,"column":5}}},"2":{"name":"(anonymous_2)","decl":{"start":{"line":22,"column":6},"end":{"line":22,"column":7}},"loc":{"start":{"line":22,"column":42},"end":{"line":28,"column":null}}},"3":{"name":"(anonymous_3)","decl":{"start":{"line":54,"column":21},"end":{"line":54,"column":27}},"loc":{"start":{"line":54,"column":27},"end":{"line":54,"column":null}}}},"branchMap":{"0":{"loc":{"start":{"line":17,"column":4},"end":{"line":17,"column":null}},"type":"if","locations":[{"start":{"line":17,"column":4},"end":{"line":17,"column":null}}]},"1":{"loc":{"start":{"line":17,"column":8},"end":{"line":17,"column":61}},"type":"binary-expr","locations":[{"start":{"line":17,"column":8},"end":{"line":17,"column":24}},{"start":{"line":17,"column":24},"end":{"line":17,"column":46}},{"start":{"line":17,"column":50},"end":{"line":17,"column":61}}]},"2":{"loc":{"start":{"line":24,"column":10},"end":{"line":26,"column":null}},"type":"if","locations":[{"start":{"line":24,"column":10},"end":{"line":26,"column":null}}]},"3":{"loc":{"start":{"line":33,"column":2},"end":{"line":35,"column":null}},"type":"if","locations":[{"start":{"line":33,"column":2},"end":{"line":35,"column":null}}]},"4":{"loc":{"start":{"line":36,"column":2},"end":{"line":38,"column":null}},"type":"if","locations":[{"start":{"line":36,"column":2},"end":{"line":38,"column":null}}]},"5":{"loc":{"start":{"line":40,"column":18},"end":{"line":40,"column":76}},"type":"cond-expr","locations":[{"start":{"line":40,"column":42},"end":{"line":40,"column":47}},{"start":{"line":40,"column":47},"end":{"line":40,"column":76}}]},"6":{"loc":{"start":{"line":60,"column":7},"end":{"line":60,"column":27}},"type":"binary-expr","locations":[{"start":{"line":60,"column":7},"end":{"line":60,"column":27}}]},"7":{"loc":{"start":{"line":61,"column":7},"end":{"line":61,"column":31}},"type":"binary-expr","locations":[{"start":{"line":61,"column":7},"end":{"line":61,"column":31}}]},"8":{"loc":{"start":{"line":62,"column":7},"end":{"line":62,"column":null}},"type":"binary-expr","locations":[{"start":{"line":62,"column":7},"end":{"line":62,"column":null}}]}},"s":{"0":0,"1":0,"2":0,"3":0,"4":0,"5":0,"6":0,"7":0,"8":0,"9":0,"10":0,"11":0,"12":0,"13":0,"14":0,"15":0,"16":0,"17":0,"18":0,"19":0,"20":0,"21":0},"f":{"0":0,"1":0,"2":0,"3":0},"b":{"0":[0],"1":[0,0,0],"2":[0],"3":[0],"4":[0],"5":[0,0],"6":[0],"7":[0],"8":[0]}}
,"C:\\Users\\ybot1\\Documents\\GitHub\\test-coverage-visualizer\\components\\Loader.tsx": {"path":"C:\\Users\\ybot1\\Documents\\GitHub\\test-coverage-visualizer\\components\\Loader.tsx","statementMap":{},"fnMap":{"0":{"name":"(anonymous_0)","decl":{"start":{"line":1,"column":15},"end":{"line":1,"column":null}},"loc":{"start":{"line":1,"column":15},"end":{"line":57,"column":null}}}},"branchMap":{},"s":{},"f":{"0":0},"b":{}}
,"C:\\Users\\ybot1\\Documents\\GitHub\\test-coverage-visualizer\\components\\PageStatItem.tsx": {"path":"C:\\Users\\ybot1\\Documents\\GitHub\\test-coverage-visualizer\\components\\PageStatItem.tsx","statementMap":{"0":{"start":{"line":1,"column":28},"end":{"line":21,"column":2}}},"fnMap":{"0":{"name":"(anonymous_0)","decl":{"start":{"line":1,"column":28},"end":{"line":1,"column":29}},"loc":{"start":{"line":11,"column":1},"end":{"line":21,"column":2}}}},"branchMap":{},"s":{"0":0},"f":{"0":0},"b":{}}
,"C:\\Users\\ybot1\\Documents\\GitHub\\test-coverage-visualizer\\components\\SortIcon.tsx": {"path":"C:\\Users\\ybot1\\Documents\\GitHub\\test-coverage-visualizer\\components\\SortIcon.tsx","statementMap":{"0":{"start":{"line":1,"column":24},"end":{"line":12,"column":null}},"1":{"start":{"line":2,"column":2},"end":{"line":12,"column":null}}},"fnMap":{"0":{"name":"(anonymous_0)","decl":{"start":{"line":1,"column":24},"end":{"line":1,"column":null}},"loc":{"start":{"line":2,"column":2},"end":{"line":12,"column":null}}}},"branchMap":{},"s":{"0":0,"1":0},"f":{"0":0},"b":{}}
,"C:\\Users\\ybot1\\Documents\\GitHub\\test-coverage-visualizer\\components\\SourceViewer.tsx": {"path":"C:\\Users\\ybot1\\Documents\\GitHub\\test-coverage-visualizer\\components\\SourceViewer.tsx","statementMap":{"0":{"start":{"line":25,"column":16},"end":{"line":25,"column":29}},"1":{"start":{"line":1,"column":30},"end":{"line":1,"column":null}},"2":{"start":{"line":2,"column":36},"end":{"line":2,"column":null}},"3":{"start":{"line":4,"column":35},"end":{"line":4,"column":null}},"4":{"start":{"line":5,"column":36},"end":{"line":5,"column":null}},"5":{"start":{"line":7,"column":34},"end":{"line":7,"column":null}},"6":{"start":{"line":8,"column":44},"end":{"line":8,"column":null}},"7":{"start":{"line":9,"column":32},"end":{"line":9,"column":null}},"8":{"start":{"line":10,"column":28},"end":{"line":10,"column":null}},"9":{"start":{"line":12,"column":42},"end":{"line":20,"column":null}},"10":{"start":{"line":32,"column":30},"end":{"line":32,"column":null}},"11":{"start":{"line":33,"column":28},"end":{"line":33,"column":null}},"12":{"start":{"line":34,"column":20},"end":{"line":34,"column":null}},"13":{"start":{"line":35,"column":36},"end":{"line":35,"column":null}},"14":{"start":{"line":37,"column":2},"end":{"line":48,"column":null}},"15":{"start":{"line":38,"column":4},"end":{"line":47,"column":null}},"16":{"start":{"line":39,"column":26},"end":{"line":39,"column":null}},"17":{"start":{"line":41,"column":8},"end":{"line":43,"column":null}},"18":{"start":{"line":42,"column":10},"end":{"line":42,"column":null}},"19":{"start":{"line":44,"column":8},"end":{"line":44,"column":null}},"20":{"start":{"line":47,"column":20},"end":{"line":47,"column":null}},"21":{"start":{"line":50,"column":2},"end":{"line":52,"column":null}},"22":{"start":{"line":54,"column":2},"end":{"line":56,"column":null}},"23":{"start":{"line":59,"column":4},"end":{"line":61,"column":null}},"24":{"start":{"line":63,"column":22},"end":{"line":63,"column":null}},"25":{"start":{"line":64,"column":25},"end":{"line":64,"column":null}},"26":{"start":{"line":66,"column":32},"end":{"line":68,"column":null}},"27":{"start":{"line":70,"column":2},"end":{"line":80,"column":null}},"28":{"start":{"line":71,"column":4},"end":{"line":79,"column":null}},"29":{"start":{"line":71,"column":17},"end":{"line":71,"column":20}},"30":{"start":{"line":72,"column":6},"end":{"line":78,"column":null}},"31":{"start":{"line":72,"column":19},"end":{"line":72,"column":22}},"32":{"start":{"line":73,"column":8},"end":{"line":76,"column":null}},"33":{"start":{"line":97,"column":23},"end":{"line":97,"column":43}},"34":{"start":{"line":98,"column":12},"end":{"line":117,"column":null}},"35":{"start":{"line":109,"column":16},"end":{"line":109,"column":null}},"36":{"start":{"line":112,"column":16},"end":{"line":112,"column":null}},"37":{"start":{"line":115,"column":16},"end":{"line":115,"column":null}}},"fnMap":{"0":{"name":"SourceViewer","decl":{"start":{"line":25,"column":16},"end":{"line":25,"column":29}},"loc":{"start":{"line":31,"column":1},"end":{"line":129,"column":null}}},"1":{"name":"(anonymous_3)","decl":{"start":{"line":37,"column":12},"end":{"line":37,"column":null}},"loc":{"start":{"line":37,"column":12},"end":{"line":48,"column":5}}},"2":{"name":"(anonymous_4)","decl":{"start":{"line":39,"column":12},"end":{"line":39,"column":13}},"loc":{"start":{"line":39,"column":26},"end":{"line":39,"column":null}}},"3":{"name":"(anonymous_5)","decl":{"start":{"line":40,"column":12},"end":{"line":40,"column":13}},"loc":{"start":{"line":40,"column":13},"end":{"line":45,"column":null}}},"4":{"name":"(anonymous_6)","decl":{"start":{"line":47,"column":13},"end":{"line":47,"column":14}},"loc":{"start":{"line":47,"column":20},"end":{"line":47,"column":null}}},"5":{"name":"(anonymous_7)","decl":{"start":{"line":70,"column":13},"end":{"line":70,"column":null}},"loc":{"start":{"line":70,"column":13},"end":{"line":80,"column":5}}},"6":{"name":"(anonymous_8)","decl":{"start":{"line":96,"column":21},"end":{"line":96,"column":22}},"loc":{"start":{"line":96,"column":22},"end":{"line":118,"column":null}}},"7":{"name":"(anonymous_9)","decl":{"start":{"line":108,"column":30},"end":{"line":108,"column":31}},"loc":{"start":{"line":108,"column":31},"end":{"line":110,"column":null}}},"8":{"name":"(anonymous_10)","decl":{"start":{"line":111,"column":30},"end":{"line":111,"column":31}},"loc":{"start":{"line":111,"column":31},"end":{"line":113,"column":null}}},"9":{"name":"(anonymous_11)","decl":{"start":{"line":114,"column":23},"end":{"line":114,"column":24}},"loc":{"start":{"line":114,"column":24},"end":{"line":116,"column":null}}}},"branchMap":{"0":{"loc":{"start":{"line":41,"column":8},"end":{"line":43,"column":null}},"type":"if","locations":[{"start":{"line":41,"column":8},"end":{"line":43,"column":null}}]},"1":{"loc":{"start":{"line":42,"column":26},"end":{"line":42,"column":70}},"type":"binary-expr","locations":[{"start":{"line":42,"column":26},"end":{"line":42,"column":56}},{"start":{"line":42,"column":56},"end":{"line":42,"column":70}}]},"2":{"loc":{"start":{"line":50,"column":2},"end":{"line":52,"column":null}},"type":"if","locations":[{"start":{"line":50,"column":2},"end":{"line":52,"column":null}}]},"3":{"loc":{"start":{"line":54,"column":2},"end":{"line":56,"column":null}},"type":"if","locations":[{"start":{"line":54,"column":2},"end":{"line":56,"column":null}}]},"4":{"loc":{"start":{"line":59,"column":4},"end":{"line":61,"column":null}},"type":"cond-expr","locations":[{"start":{"line":60,"column":8},"end":{"line":60,"column":null}},{"start":{"line":61,"column":8},"end":{"line":61,"column":null}}]},"5":{"loc":{"start":{"line":59,"column":4},"end":{"line":59,"column":null}},"type":"binary-expr","locations":[{"start":{"line":59,"column":4},"end":{"line":59,"column":32}},{"start":{"line":59,"column":32},"end":{"line":59,"column":null}}]},"6":{"loc":{"start":{"line":66,"column":32},"end":{"line":68,"column":null}},"type":"cond-expr","locations":[{"start":{"line":67,"column":6},"end":{"line":67,"column":null}},{"start":{"line":68,"column":6},"end":{"line":68,"column":null}}]},"7":{"loc":{"start":{"line":84,"column":7},"end":{"line":84,"column":null}},"type":"binary-expr","locations":[{"start":{"line":84,"column":7},"end":{"line":84,"column":null}}]},"8":{"loc":{"start":{"line":102,"column":16},"end":{"line":102,"column":null}},"type":"cond-expr","locations":[{"start":{"line":102,"column":51},"end":{"line":102,"column":75}},{"start":{"line":102,"column":75},"end":{"line":102,"column":null}}]},"9":{"loc":{"start":{"line":104,"column":16},"end":{"line":106,"column":null}},"type":"cond-expr","locations":[{"start":{"line":105,"column":20},"end":{"line":105,"column":null}},{"start":{"line":106,"column":20},"end":{"line":106,"column":null}}]},"10":{"loc":{"start":{"line":104,"column":16},"end":{"line":104,"column":null}},"type":"binary-expr","locations":[{"start":{"line":104,"column":16},"end":{"line":104,"column":28}},{"start":{"line":104,"column":28},"end":{"line":104,"column":null}}]}},"s":{"0":3,"1":1,"2":1,"3":1,"4":1,"5":1,"6":1,"7":1,"8":1,"9":1,"10":6,"11":6,"12":6,"13":6,"14":6,"15":3,"16":3,"17":3,"18":1,"19":2,"20":1,"21":6,"22":5,"23":2,"24":2,"25":2,"26":2,"27":2,"28":0,"29":0,"30":0,"31":0,"32":0,"33":2,"34":2,"35":0,"36":0,"37":0},"f":{"0":6,"1":3,"2":3,"3":3,"4":1,"5":0,"6":2,"7":0,"8":0,"9":0},"b":{"0":[1],"1":[1,0],"2":[1],"3":[3],"4":[2,0],"5":[2,0],"6":[0,2],"7":[2],"8":[0,2],"9":[0,2],"10":[2,0]}}
,"C:\\Users\\ybot1\\Documents\\GitHub\\test-coverage-visualizer\\components\\SuggestTestsButton.tsx": {"path":"C:\\Users\\ybot1\\Documents\\GitHub\\test-coverage-visualizer\\components\\SuggestTestsButton.tsx","statementMap":{"0":{"start":{"line":3,"column":34},"end":{"line":48,"column":2}}},"fnMap":{"0":{"name":"(anonymous_0)","decl":{"start":{"line":3,"column":34},"end":{"line":3,"column":35}},"loc":{"start":{"line":13,"column":1},"end":{"line":48,"column":2}}}},"branchMap":{},"s":{"0":0},"f":{"0":0},"b":{}}
,"C:\\Users\\ybot1\\Documents\\GitHub\\test-coverage-visualizer\\components\\TestRecommender.tsx": {"path":"C:\\Users\\ybot1\\Documents\\GitHub\\test-coverage-visualizer\\components\\TestRecommender.tsx","statementMap":{"0":{"start":{"line":13,"column":19},"end":{"line":18,"column":null}},"1":{"start":{"line":20,"column":13},"end":{"line":23,"column":null}},"2":{"start":{"line":25,"column":31},"end":{"line":185,"column":2}},"3":{"start":{"line":32,"column":36},"end":{"line":32,"column":null}},"4":{"start":{"line":33,"column":34},"end":{"line":33,"column":null}},"5":{"start":{"line":34,"column":44},"end":{"line":34,"column":null}},"6":{"start":{"line":35,"column":20},"end":{"line":35,"column":null}},"7":{"start":{"line":36,"column":23},"end":{"line":36,"column":null}},"8":{"start":{"line":37,"column":38},"end":{"line":37,"column":null}},"9":{"start":{"line":40,"column":26},"end":{"line":40,"column":null}},"10":{"start":{"line":41,"column":16},"end":{"line":41,"column":null}},"11":{"start":{"line":43,"column":17},"end":{"line":46,"column":null}},"12":{"start":{"line":44,"column":4},"end":{"line":44,"column":null}},"13":{"start":{"line":45,"column":4},"end":{"line":45,"column":null}},"14":{"start":{"line":48,"column":2},"end":{"line":51,"column":null}},"15":{"start":{"line":49,"column":4},"end":{"line":49,"column":null}},"16":{"start":{"line":50,"column":4},"end":{"line":50,"column":null}},"17":{"start":{"line":53,"column":30},"end":{"line":55,"column":null}},"18":{"start":{"line":54,"column":4},"end":{"line":54,"column":null}},"19":{"start":{"line":57,"column":19},"end":{"line":73,"column":null}},"20":{"start":{"line":58,"column":4},"end":{"line":58,"column":null}},"21":{"start":{"line":59,"column":4},"end":{"line":59,"column":null}},"22":{"start":{"line":60,"column":4},"end":{"line":60,"column":null}},"23":{"start":{"line":61,"column":4},"end":{"line":71,"column":null}},"24":{"start":{"line":66,"column":8},"end":{"line":68,"column":null}},"25":{"start":{"line":67,"column":10},"end":{"line":67,"column":null}},"26":{"start":{"line":72,"column":4},"end":{"line":72,"column":null}},"27":{"start":{"line":75,"column":23},"end":{"line":89,"column":null}},"28":{"start":{"line":76,"column":4},"end":{"line":76,"column":null}},"29":{"start":{"line":77,"column":4},"end":{"line":77,"column":null}},"30":{"start":{"line":78,"column":4},"end":{"line":78,"column":null}},"31":{"start":{"line":79,"column":4},"end":{"line":87,"column":null}},"32":{"start":{"line":82,"column":8},"end":{"line":84,"column":null}},"33":{"start":{"line":83,"column":10},"end":{"line":83,"column":null}},"34":{"start":{"line":88,"column":4},"end":{"line":88,"column":null}},"35":{"start":{"line":91,"column":31},"end":{"line":106,"column":null}},"36":{"start":{"line":92,"column":4},"end":{"line":92,"column":null}},"37":{"start":{"line":93,"column":4},"end":{"line":93,"column":null}},"38":{"start":{"line":94,"column":4},"end":{"line":104,"column":null}},"39":{"start":{"line":99,"column":8},"end":{"line":101,"column":null}},"40":{"start":{"line":100,"column":10},"end":{"line":100,"column":null}},"41":{"start":{"line":105,"column":4},"end":{"line":105,"column":null}},"42":{"start":{"line":125,"column":27},"end":{"line":125,"column":null}},"43":{"start":{"line":140,"column":27},"end":{"line":140,"column":null}},"44":{"start":{"line":161,"column":61},"end":{"line":161,"column":null}},"45":{"start":{"line":162,"column":28},"end":{"line":162,"column":null}}},"fnMap":{"0":{"name":"(anonymous_0)","decl":{"start":{"line":25,"column":31},"end":{"line":25,"column":32}},"loc":{"start":{"line":31,"column":1},"end":{"line":185,"column":2}}},"1":{"name":"(anonymous_1)","decl":{"start":{"line":43,"column":29},"end":{"line":43,"column":null}},"loc":{"start":{"line":43,"column":29},"end":{"line":46,"column":5}}},"2":{"name":"(anonymous_2)","decl":{"start":{"line":48,"column":12},"end":{"line":48,"column":null}},"loc":{"start":{"line":48,"column":12},"end":{"line":51,"column":5}}},"3":{"name":"(anonymous_3)","decl":{"start":{"line":53,"column":30},"end":{"line":53,"column":31}},"loc":{"start":{"line":53,"column":31},"end":{"line":55,"column":null}}},"4":{"name":"(anonymous_4)","decl":{"start":{"line":57,"column":19},"end":{"line":57,"column":26}},"loc":{"start":{"line":57,"column":26},"end":{"line":73,"column":null}}},"5":{"name":"(anonymous_5)","decl":{"start":{"line":65,"column":14},"end":{"line":65,"column":15}},"loc":{"start":{"line":65,"column":28},"end":{"line":69,"column":null}}},"6":{"name":"(anonymous_6)","decl":{"start":{"line":75,"column":23},"end":{"line":75,"column":null}},"loc":{"start":{"line":75,"column":23},"end":{"line":89,"column":null}}},"7":{"name":"(anonymous_7)","decl":{"start":{"line":81,"column":14},"end":{"line":81,"column":15}},"loc":{"start":{"line":81,"column":28},"end":{"line":85,"column":null}}},"8":{"name":"(anonymous_8)","decl":{"start":{"line":91,"column":31},"end":{"line":91,"column":null}},"loc":{"start":{"line":91,"column":31},"end":{"line":106,"column":null}}},"9":{"name":"(anonymous_9)","decl":{"start":{"line":98,"column":14},"end":{"line":98,"column":15}},"loc":{"start":{"line":98,"column":28},"end":{"line":102,"column":null}}},"10":{"name":"(anonymous_10)","decl":{"start":{"line":125,"column":21},"end":{"line":125,"column":27}},"loc":{"start":{"line":125,"column":27},"end":{"line":125,"column":null}}},"11":{"name":"(anonymous_11)","decl":{"start":{"line":140,"column":21},"end":{"line":140,"column":27}},"loc":{"start":{"line":140,"column":27},"end":{"line":140,"column":null}}},"12":{"name":"(anonymous_12)","decl":{"start":{"line":160,"column":12},"end":{"line":160,"column":17}},"loc":{"start":{"line":160,"column":22},"end":{"line":177,"column":null}}}},"branchMap":{"0":{"loc":{"start":{"line":59,"column":18},"end":{"line":59,"column":null}},"type":"cond-expr","locations":[{"start":{"line":59,"column":25},"end":{"line":59,"column":39}},{"start":{"line":59,"column":39},"end":{"line":59,"column":null}}]},"1":{"loc":{"start":{"line":63,"column":8},"end":{"line":63,"column":null}},"type":"cond-expr","locations":[{"start":{"line":63,"column":25},"end":{"line":63,"column":49}},{"start":{"line":63,"column":52},"end":{"line":63,"column":null}}]},"2":{"loc":{"start":{"line":66,"column":8},"end":{"line":68,"column":null}},"type":"if","locations":[{"start":{"line":66,"column":8},"end":{"line":68,"column":null}}]},"3":{"loc":{"start":{"line":82,"column":8},"end":{"line":84,"column":null}},"type":"if","locations":[{"start":{"line":82,"column":8},"end":{"line":84,"column":null}}]},"4":{"loc":{"start":{"line":99,"column":8},"end":{"line":101,"column":null}},"type":"if","locations":[{"start":{"line":99,"column":8},"end":{"line":101,"column":null}}]},"5":{"loc":{"start":{"line":111,"column":7},"end":{"line":152,"column":null}},"type":"cond-expr","locations":[{"start":{"line":112,"column":8},"end":{"line":122,"column":11}},{"start":{"line":122,"column":10},"end":{"line":152,"column":null}}]},"6":{"loc":{"start":{"line":111,"column":7},"end":{"line":111,"column":null}},"type":"binary-expr","locations":[{"start":{"line":111,"column":7},"end":{"line":111,"column":20}},{"start":{"line":111,"column":20},"end":{"line":111,"column":null}}]},"7":{"loc":{"start":{"line":122,"column":10},"end":{"line":152,"column":null}},"type":"cond-expr","locations":[{"start":{"line":123,"column":8},"end":{"line":137,"column":19}},{"start":{"line":137,"column":10},"end":{"line":152,"column":null}}]},"8":{"loc":{"start":{"line":137,"column":10},"end":{"line":152,"column":null}},"type":"cond-expr","locations":[{"start":{"line":138,"column":8},"end":{"line":152,"column":null}},{"start":{"line":152,"column":10},"end":{"line":152,"column":null}}]},"9":{"loc":{"start":{"line":155,"column":10},"end":{"line":155,"column":null}},"type":"cond-expr","locations":[{"start":{"line":155,"column":21},"end":{"line":155,"column":34}},{"start":{"line":155,"column":34},"end":{"line":155,"column":null}}]},"10":{"loc":{"start":{"line":162,"column":50},"end":{"line":162,"column":null}},"type":"binary-expr","locations":[{"start":{"line":162,"column":50},"end":{"line":162,"column":63}},{"start":{"line":162,"column":63},"end":{"line":162,"column":null}}]},"11":{"loc":{"start":{"line":164,"column":16},"end":{"line":173,"column":17}},"type":"cond-expr","locations":[{"start":{"line":164,"column":16},"end":{"line":173,"column":17}}]}},"s":{"0":0,"1":0,"2":0,"3":0,"4":0,"5":0,"6":0,"7":0,"8":0,"9":0,"10":0,"11":0,"12":0,"13":0,"14":0,"15":0,"16":0,"17":0,"18":0,"19":0,"20":0,"21":0,"22":0,"23":0,"24":0,"25":0,"26":0,"27":0,"28":0,"29":0,"30":0,"31":0,"32":0,"33":0,"34":0,"35":0,"36":0,"37":0,"38":0,"39":0,"40":0,"41":0,"42":0,"43":0,"44":0,"45":0},"f":{"0":0,"1":0,"2":0,"3":0,"4":0,"5":0,"6":0,"7":0,"8":0,"9":0,"10":0,"11":0,"12":0},"b":{"0":[0,0],"1":[0,0],"2":[0],"3":[0],"4":[0],"5":[0,0],"6":[0,0],"7":[0,0],"8":[0,0],"9":[0,0],"10":[0,0],"11":[0]}}
,"C:\\Users\\ybot1\\Documents\\GitHub\\test-coverage-visualizer\\components\\ThemeContext.tsx": {"path":"C:\\Users\\ybot1\\Documents\\GitHub\\test-coverage-visualizer\\components\\ThemeContext.tsx","statementMap":{"0":{"start":{"line":69,"column":13},"end":{"line":69,"column":29}},"1":{"start":{"line":26,"column":13},"end":{"line":26,"column":24}},"2":{"start":{"line":89,"column":13},"end":{"line":89,"column":24}},"3":{"start":{"line":4,"column":7},"end":{"line":4,"column":null}},"4":{"start":{"line":11,"column":7},"end":{"line":11,"column":null}},"5":{"start":{"line":24,"column":7},"end":{"line":24,"column":null}},"6":{"start":{"line":26,"column":24},"end":{"line":38,"column":null}},"7":{"start":{"line":41,"column":26},"end":{"line":41,"column":null}},"8":{"start":{"line":50,"column":21},"end":{"line":53,"column":null}},"9":{"start":{"line":57,"column":2},"end":{"line":57,"column":null}},"10":{"start":{"line":57,"column":37},"end":{"line":57,"column":null}},"11":{"start":{"line":58,"column":17},"end":{"line":58,"column":null}},"12":{"start":{"line":59,"column":2},"end":{"line":64,"column":null}},"13":{"start":{"line":63,"column":4},"end":{"line":63,"column":null}},"14":{"start":{"line":65,"column":2},"end":{"line":65,"column":null}},"15":{"start":{"line":69,"column":29},"end":{"line":86,"column":null}},"16":{"start":{"line":71,"column":4},"end":{"line":71,"column":null}},"17":{"start":{"line":73,"column":2},"end":{"line":75,"column":null}},"18":{"start":{"line":74,"column":4},"end":{"line":74,"column":null}},"19":{"start":{"line":77,"column":19},"end":{"line":79,"column":null}},"20":{"start":{"line":78,"column":4},"end":{"line":78,"column":null}},"21":{"start":{"line":89,"column":24},"end":{"line":89,"column":null}},"22":{"start":{"line":89,"column":30},"end":{"line":89,"column":null}}},"fnMap":{"0":{"name":"(anonymous_7)","decl":{"start":{"line":52,"column":12},"end":{"line":52,"column":19}},"loc":{"start":{"line":52,"column":12},"end":{"line":52,"column":null}}},"1":{"name":"getInitialTheme","decl":{"start":{"line":56,"column":9},"end":{"line":56,"column":null}},"loc":{"start":{"line":56,"column":9},"end":{"line":66,"column":null}}},"2":{"name":"(anonymous_9)","decl":{"start":{"line":69,"column":29},"end":{"line":69,"column":30}},"loc":{"start":{"line":69,"column":67},"end":{"line":86,"column":null}}},"3":{"name":"(anonymous_10)","decl":{"start":{"line":73,"column":12},"end":{"line":73,"column":null}},"loc":{"start":{"line":73,"column":12},"end":{"line":75,"column":5}}},"4":{"name":"(anonymous_11)","decl":{"start":{"line":77,"column":19},"end":{"line":77,"column":20}},"loc":{"start":{"line":77,"column":20},"end":{"line":79,"column":null}}},"5":{"name":"(anonymous_12)","decl":{"start":{"line":89,"column":24},"end":{"line":89,"column":30}},"loc":{"start":{"line":89,"column":30},"end":{"line":89,"column":null}}}},"branchMap":{"0":{"loc":{"start":{"line":57,"column":2},"end":{"line":57,"column":null}},"type":"if","locations":[{"start":{"line":57,"column":2},"end":{"line":57,"column":null}}]},"1":{"loc":{"start":{"line":59,"column":2},"end":{"line":64,"column":null}},"type":"if","locations":[{"start":{"line":59,"column":2},"end":{"line":64,"column":null}}]},"2":{"loc":{"start":{"line":60,"column":4},"end":{"line":61,"column":null}},"type":"binary-expr","locations":[{"start":{"line":60,"column":4},"end":{"line":60,"column":null}},{"start":{"line":61,"column":4},"end":{"line":61,"column":null}}]}},"s":{"0":3,"1":2,"2":6,"3":1,"4":1,"5":1,"6":1,"7":1,"8":1,"9":3,"10":0,"11":3,"12":3,"13":2,"14":1,"15":1,"16":3,"17":3,"18":3,"19":3,"20":0,"21":1,"22":6},"f":{"0":0,"1":3,"2":3,"3":3,"4":0,"5":6},"b":{"0":[0],"1":[2],"2":[3,2]}}
,"C:\\Users\\ybot1\\Documents\\GitHub\\test-coverage-visualizer\\components\\ThemeSelector.tsx": {"path":"C:\\Users\\ybot1\\Documents\\GitHub\\test-coverage-visualizer\\components\\ThemeSelector.tsx","statementMap":{"0":{"start":{"line":5,"column":30},"end":{"line":5,"column":null}},"1":{"start":{"line":11,"column":25},"end":{"line":11,"column":null}},"2":{"start":{"line":15,"column":10},"end":{"line":15,"column":26}}},"fnMap":{"0":{"name":"ThemeSelector","decl":{"start":{"line":4,"column":9},"end":{"line":4,"column":null}},"loc":{"start":{"line":4,"column":9},"end":{"line":22,"column":null}}},"1":{"name":"(anonymous_1)","decl":{"start":{"line":11,"column":18},"end":{"line":11,"column":19}},"loc":{"start":{"line":11,"column":25},"end":{"line":11,"column":null}}},"2":{"name":"(anonymous_2)","decl":{"start":{"line":14,"column":37},"end":{"line":14,"column":38}},"loc":{"start":{"line":15,"column":10},"end":{"line":15,"column":26}}}},"branchMap":{},"s":{"0":0,"1":0,"2":0},"f":{"0":0,"1":0,"2":0},"b":{}}
,"C:\\Users\\ybot1\\Documents\\GitHub\\test-coverage-visualizer\\utils\\aggregateCoverageByDirectory.ts": {"path":"C:\\Users\\ybot1\\Documents\\GitHub\\test-coverage-visualizer\\utils\\aggregateCoverageByDirectory.ts","statementMap":{"0":{"start":{"line":7,"column":50},"end":{"line":7,"column":null}},"1":{"start":{"line":9,"column":2},"end":{"line":82,"column":null}},"2":{"start":{"line":11,"column":4},"end":{"line":11,"column":null}},"3":{"start":{"line":11,"column":33},"end":{"line":11,"column":null}},"4":{"start":{"line":13,"column":17},"end":{"line":13,"column":null}},"5":{"start":{"line":15,"column":14},"end":{"line":15,"column":null}},"6":{"start":{"line":16,"column":4},"end":{"line":81,"column":null}},"7":{"start":{"line":17,"column":6},"end":{"line":19,"column":null}},"8":{"start":{"line":18,"column":8},"end":{"line":18,"column":null}},"9":{"start":{"line":21,"column":6},"end":{"line":21,"column":null}},"10":{"start":{"line":23,"column":6},"end":{"line":30,"column":null}},"11":{"start":{"line":24,"column":8},"end":{"line":29,"column":null}},"12":{"start":{"line":32,"column":6},"end":{"line":32,"column":null}},"13":{"start":{"line":33,"column":6},"end":{"line":33,"column":null}},"14":{"start":{"line":34,"column":6},"end":{"line":34,"column":null}},"15":{"start":{"line":35,"column":6},"end":{"line":42,"column":null}},"16":{"start":{"line":44,"column":6},"end":{"line":44,"column":null}},"17":{"start":{"line":45,"column":6},"end":{"line":45,"column":null}},"18":{"start":{"line":46,"column":6},"end":{"line":46,"column":null}},"19":{"start":{"line":47,"column":6},"end":{"line":55,"column":null}},"20":{"start":{"line":57,"column":6},"end":{"line":57,"column":null}},"21":{"start":{"line":58,"column":6},"end":{"line":58,"column":null}},"22":{"start":{"line":59,"column":6},"end":{"line":59,"column":null}},"23":{"start":{"line":60,"column":6},"end":{"line":68,"column":null}},"24":{"start":{"line":70,"column":6},"end":{"line":70,"column":null}},"25":{"start":{"line":71,"column":6},"end":{"line":71,"column":null}},"26":{"start":{"line":72,"column":6},"end":{"line":72,"column":null}},"27":{"start":{"line":73,"column":6},"end":{"line":80,"column":null}},"28":{"start":{"line":84,"column":2},"end":{"line":84,"column":null}}},"fnMap":{"0":{"name":"aggregateCoverageByDirectory","decl":{"start":{"line":4,"column":16},"end":{"line":4,"column":null}},"loc":{"start":{"line":5,"column":24},"end":{"line":85,"column":null}}},"1":{"name":"(anonymous_1)","decl":{"start":{"line":16,"column":13},"end":{"line":16,"column":14}},"loc":{"start":{"line":16,"column":19},"end":{"line":81,"column":null}}}},"branchMap":{"0":{"loc":{"start":{"line":11,"column":4},"end":{"line":11,"column":null}},"type":"if","locations":[{"start":{"line":11,"column":4},"end":{"line":11,"column":null}}]},"1":{"loc":{"start":{"line":17,"column":6},"end":{"line":19,"column":null}},"type":"if","locations":[{"start":{"line":17,"column":6},"end":{"line":19,"column":null}}]},"2":{"loc":{"start":{"line":21,"column":14},"end":{"line":21,"column":33}},"type":"cond-expr","locations":[{"start":{"line":21,"column":26},"end":{"line":21,"column":31}},{"start":{"line":21,"column":31},"end":{"line":21,"column":33}}]},"3":{"loc":{"start":{"line":23,"column":6},"end":{"line":30,"column":null}},"type":"if","locations":[{"start":{"line":23,"column":6},"end":{"line":30,"column":null}}]},"4":{"loc":{"start":{"line":36,"column":8},"end":{"line":42,"column":null}},"type":"cond-expr","locations":[{"start":{"line":37,"column":12},"end":{"line":37,"column":null}},{"start":{"line":38,"column":12},"end":{"line":42,"column":null}}]},"5":{"loc":{"start":{"line":48,"column":8},"end":{"line":55,"column":null}},"type":"cond-expr","locations":[{"start":{"line":49,"column":12},"end":{"line":49,"column":null}},{"start":{"line":50,"column":12},"end":{"line":55,"column":null}}]},"6":{"loc":{"start":{"line":61,"column":8},"end":{"line":68,"column":null}},"type":"cond-expr","locations":[{"start":{"line":62,"column":12},"end":{"line":62,"column":null}},{"start":{"line":63,"column":12},"end":{"line":68,"column":null}}]},"7":{"loc":{"start":{"line":74,"column":8},"end":{"line":80,"column":null}},"type":"cond-expr","locations":[{"start":{"line":75,"column":12},"end":{"line":75,"column":null}},{"start":{"line":76,"column":12},"end":{"line":80,"column":null}}]}},"s":{"0":0,"1":0,"2":0,"3":0,"4":0,"5":0,"6":0,"7":0,"8":0,"9":0,"10":0,"11":0,"12":0,"13":0,"14":0,"15":0,"16":0,"17":0,"18":0,"19":0,"20":0,"21":0,"22":0,"23":0,"24":0,"25":0,"26":0,"27":0,"28":0},"f":{"0":0,"1":0},"b":{"0":[0],"1":[0],"2":[0,0],"3":[0],"4":[0,0],"5":[0,0],"6":[0,0],"7":[0,0]}}
,"C:\\Users\\ybot1\\Documents\\GitHub\\test-coverage-visualizer\\utils\\buildFileKey.ts": {"path":"C:\\Users\\ybot1\\Documents\\GitHub\\test-coverage-visualizer\\utils\\buildFileKey.ts","statementMap":{"0":{"start":{"line":1,"column":28},"end":{"line":29,"column":2}},"1":{"start":{"line":2,"column":15},"end":{"line":2,"column":null}},"2":{"start":{"line":5,"column":2},"end":{"line":9,"column":null}},"3":{"start":{"line":6,"column":4},"end":{"line":6,"column":null}},"4":{"start":{"line":8,"column":4},"end":{"line":8,"column":null}},"5":{"start":{"line":11,"column":2},"end":{"line":17,"column":null}},"6":{"start":{"line":12,"column":4},"end":{"line":16,"column":null}},"7":{"start":{"line":13,"column":6},"end":{"line":13,"column":null}},"8":{"start":{"line":15,"column":6},"end":{"line":15,"column":null}},"9":{"start":{"line":20,"column":2},"end":{"line":22,"column":null}},"10":{"start":{"line":21,"column":4},"end":{"line":21,"column":null}},"11":{"start":{"line":24,"column":2},"end":{"line":26,"column":null}},"12":{"start":{"line":25,"column":4},"end":{"line":25,"column":null}},"13":{"start":{"line":28,"column":2},"end":{"line":28,"column":null}}},"fnMap":{"0":{"name":"(anonymous_0)","decl":{"start":{"line":1,"column":28},"end":{"line":1,"column":29}},"loc":{"start":{"line":1,"column":43},"end":{"line":29,"column":2}}}},"branchMap":{"0":{"loc":{"start":{"line":5,"column":2},"end":{"line":9,"column":null}},"type":"if","locations":[{"start":{"line":5,"column":2},"end":{"line":9,"column":null}},{"start":{"line":7,"column":9},"end":{"line":9,"column":null}}]},"1":{"loc":{"start":{"line":11,"column":2},"end":{"line":17,"column":null}},"type":"if","locations":[{"start":{"line":11,"column":2},"end":{"line":17,"column":null}}]},"2":{"loc":{"start":{"line":12,"column":4},"end":{"line":16,"column":null}},"type":"if","locations":[{"start":{"line":12,"column":4},"end":{"line":16,"column":null}},{"start":{"line":14,"column":11},"end":{"line":16,"column":null}}]},"3":{"loc":{"start":{"line":20,"column":2},"end":{"line":22,"column":null}},"type":"if","locations":[{"start":{"line":20,"column":2},"end":{"line":22,"column":null}}]},"4":{"loc":{"start":{"line":24,"column":2},"end":{"line":26,"column":null}},"type":"if","locations":[{"start":{"line":24,"column":2},"end":{"line":26,"column":null}}]}},"s":{"0":0,"1":0,"2":0,"3":0,"4":0,"5":0,"6":0,"7":0,"8":0,"9":0,"10":0,"11":0,"12":0,"13":0},"f":{"0":0},"b":{"0":[0,0],"1":[0],"2":[0,0],"3":[0],"4":[0]}}
,"C:\\Users\\ybot1\\Documents\\GitHub\\test-coverage-visualizer\\utils\\fetchStream.ts": {"path":"C:\\Users\\ybot1\\Documents\\GitHub\\test-coverage-visualizer\\utils\\fetchStream.ts","statementMap":{"0":{"start":{"line":1,"column":27},"end":{"line":33,"column":2}},"1":{"start":{"line":10,"column":19},"end":{"line":10,"column":null}},"2":{"start":{"line":12,"column":2},"end":{"line":15,"column":null}},"3":{"start":{"line":13,"column":4},"end":{"line":13,"column":null}},"4":{"start":{"line":14,"column":4},"end":{"line":14,"column":null}},"5":{"start":{"line":17,"column":17},"end":{"line":17,"column":null}},"6":{"start":{"line":18,"column":18},"end":{"line":18,"column":null}},"7":{"start":{"line":20,"column":13},"end":{"line":20,"column":null}},"8":{"start":{"line":21,"column":20},"end":{"line":21,"column":null}},"9":{"start":{"line":23,"column":2},"end":{"line":32,"column":null}},"10":{"start":{"line":24,"column":40},"end":{"line":24,"column":null}},"11":{"start":{"line":25,"column":4},"end":{"line":25,"column":null}},"12":{"start":{"line":26,"column":4},"end":{"line":31,"column":null}},"13":{"start":{"line":27,"column":20},"end":{"line":27,"column":null}},"14":{"start":{"line":28,"column":6},"end":{"line":28,"column":null}},"15":{"start":{"line":30,"column":6},"end":{"line":30,"column":null}}},"fnMap":{"0":{"name":"(anonymous_0)","decl":{"start":{"line":1,"column":27},"end":{"line":1,"column":34}},"loc":{"start":{"line":9,"column":1},"end":{"line":33,"column":2}}}},"branchMap":{"0":{"loc":{"start":{"line":12,"column":2},"end":{"line":15,"column":null}},"type":"if","locations":[{"start":{"line":12,"column":2},"end":{"line":15,"column":null}}]},"1":{"loc":{"start":{"line":26,"column":4},"end":{"line":31,"column":null}},"type":"if","locations":[{"start":{"line":26,"column":4},"end":{"line":31,"column":null}}]}},"s":{"0":0,"1":0,"2":0,"3":0,"4":0,"5":0,"6":0,"7":0,"8":0,"9":0,"10":0,"11":0,"12":0,"13":0,"14":0,"15":0},"f":{"0":0},"b":{"0":[0],"1":[0]}}
,"C:\\Users\\ybot1\\Documents\\GitHub\\test-coverage-visualizer\\utils\\filenameRegex.ts": {"path":"C:\\Users\\ybot1\\Documents\\GitHub\\test-coverage-visualizer\\utils\\filenameRegex.ts","statementMap":{"0":{"start":{"line":1,"column":29},"end":{"line":1,"column":56}}},"fnMap":{},"branchMap":{},"s":{"0":0},"f":{},"b":{}}
,"C:\\Users\\ybot1\\Documents\\GitHub\\test-coverage-visualizer\\utils\\filepathToLinks.tsx": {"path":"C:\\Users\\ybot1\\Documents\\GitHub\\test-coverage-visualizer\\utils\\filepathToLinks.tsx","statementMap":{"0":{"start":{"line":5,"column":19},"end":{"line":5,"column":null}},"1":{"start":{"line":6,"column":18},"end":{"line":6,"column":null}},"2":{"start":{"line":7,"column":16},"end":{"line":22,"column":null}},"3":{"start":{"line":8,"column":4},"end":{"line":8,"column":null}},"4":{"start":{"line":9,"column":4},"end":{"line":10,"column":null}},"5":{"start":{"line":23,"column":2},"end":{"line":23,"column":null}}},"fnMap":{"0":{"name":"filepathToLinks","decl":{"start":{"line":4,"column":16},"end":{"line":4,"column":32}},"loc":{"start":{"line":4,"column":48},"end":{"line":24,"column":null}}},"1":{"name":"(anonymous_1)","decl":{"start":{"line":7,"column":29},"end":{"line":7,"column":30}},"loc":{"start":{"line":7,"column":43},"end":{"line":22,"column":null}}}},"branchMap":{"0":{"loc":{"start":{"line":8,"column":18},"end":{"line":8,"column":37}},"type":"cond-expr","locations":[{"start":{"line":8,"column":30},"end":{"line":8,"column":35}},{"start":{"line":8,"column":35},"end":{"line":8,"column":37}}]},"1":{"loc":{"start":{"line":17,"column":9},"end":{"line":17,"column":37}},"type":"binary-expr","locations":[{"start":{"line":17,"column":9},"end":{"line":17,"column":37}},{"start":{"line":17,"column":37},"end":{"line":17,"column":null}}]}},"s":{"0":0,"1":0,"2":0,"3":0,"4":0,"5":0},"f":{"0":0,"1":0},"b":{"0":[0,0],"1":[0,0]}}
,"C:\\Users\\ybot1\\Documents\\GitHub\\test-coverage-visualizer\\utils\\getAllFiles.ts": {"path":"C:\\Users\\ybot1\\Documents\\GitHub\\test-coverage-visualizer\\utils\\getAllFiles.ts","statementMap":{"0":{"start":{"line":2,"column":19},"end":{"line":2,"column":null}},"1":{"start":{"line":3,"column":2},"end":{"line":3,"column":null}},"2":{"start":{"line":3,"column":35},"end":{"line":3,"column":53}}},"fnMap":{"0":{"name":"getAllFiles","decl":{"start":{"line":1,"column":16},"end":{"line":1,"column":28}},"loc":{"start":{"line":1,"column":68},"end":{"line":4,"column":null}}},"1":{"name":"(anonymous_1)","decl":{"start":{"line":3,"column":25},"end":{"line":3,"column":26}},"loc":{"start":{"line":3,"column":35},"end":{"line":3,"column":53}}}},"branchMap":{},"s":{"0":0,"1":0,"2":0},"f":{"0":0,"1":0},"b":{}}
,"C:\\Users\\ybot1\\Documents\\GitHub\\test-coverage-visualizer\\utils\\getBranchesStatus.ts": {"path":"C:\\Users\\ybot1\\Documents\\GitHub\\test-coverage-visualizer\\utils\\getBranchesStatus.ts","statementMap":{"0":{"start":{"line":8,"column":16},"end":{"line":8,"column":null}},"1":{"start":{"line":9,"column":17},"end":{"line":9,"column":null}},"2":{"start":{"line":10,"column":2},"end":{"line":12,"column":null}},"3":{"start":{"line":10,"column":15},"end":{"line":10,"column":18}},"4":{"start":{"line":11,"column":4},"end":{"line":11,"column":null}},"5":{"start":{"line":14,"column":2},"end":{"line":16,"column":null}},"6":{"start":{"line":15,"column":4},"end":{"line":15,"column":19}},"7":{"start":{"line":18,"column":2},"end":{"line":32,"column":null}},"8":{"start":{"line":20,"column":6},"end":{"line":31,"column":null}},"9":{"start":{"line":20,"column":19},"end":{"line":20,"column":22}},"10":{"start":{"line":21,"column":31},"end":{"line":21,"column":43}},"11":{"start":{"line":22,"column":22},"end":{"line":22,"column":39}},"12":{"start":{"line":23,"column":8},"end":{"line":30,"column":null}},"13":{"start":{"line":23,"column":21},"end":{"line":23,"column":31}},"14":{"start":{"line":24,"column":10},"end":{"line":29,"column":null}},"15":{"start":{"line":25,"column":12},"end":{"line":28,"column":null}},"16":{"start":{"line":35,"column":2},"end":{"line":35,"column":null}}},"fnMap":{"0":{"name":"getBranchesStatus","decl":{"start":{"line":4,"column":16},"end":{"line":4,"column":null}},"loc":{"start":{"line":6,"column":35},"end":{"line":36,"column":null}}},"1":{"name":"(anonymous_1)","decl":{"start":{"line":19,"column":4},"end":{"line":19,"column":5}},"loc":{"start":{"line":19,"column":50},"end":{"line":32,"column":null}}}},"branchMap":{"0":{"loc":{"start":{"line":14,"column":2},"end":{"line":16,"column":null}},"type":"if","locations":[{"start":{"line":14,"column":2},"end":{"line":16,"column":null}}]},"1":{"loc":{"start":{"line":24,"column":10},"end":{"line":29,"column":null}},"type":"if","locations":[{"start":{"line":24,"column":10},"end":{"line":29,"column":null}}]},"2":{"loc":{"start":{"line":27,"column":22},"end":{"line":27,"column":null}},"type":"cond-expr","locations":[{"start":{"line":27,"column":39},"end":{"line":27,"column":49}},{"start":{"line":27,"column":52},"end":{"line":27,"column":null}}]}},"s":{"0":0,"1":0,"2":0,"3":0,"4":0,"5":0,"6":0,"7":0,"8":0,"9":0,"10":0,"11":0,"12":0,"13":0,"14":0,"15":0,"16":0},"f":{"0":0,"1":0},"b":{"0":[0],"1":[0],"2":[0,0]}}
,"C:\\Users\\ybot1\\Documents\\GitHub\\test-coverage-visualizer\\utils\\getCommonPathPrefix.ts": {"path":"C:\\Users\\ybot1\\Documents\\GitHub\\test-coverage-visualizer\\utils\\getCommonPathPrefix.ts","statementMap":{"0":{"start":{"line":3,"column":2},"end":{"line":3,"column":null}},"1":{"start":{"line":8,"column":2},"end":{"line":8,"column":null}},"2":{"start":{"line":8,"column":21},"end":{"line":8,"column":null}},"3":{"start":{"line":9,"column":21},"end":{"line":9,"column":null}},"4":{"start":{"line":10,"column":17},"end":{"line":10,"column":null}},"5":{"start":{"line":10,"column":51},"end":{"line":10,"column":59}},"6":{"start":{"line":11,"column":25},"end":{"line":11,"column":27}},"7":{"start":{"line":12,"column":2},"end":{"line":19,"column":null}},"8":{"start":{"line":12,"column":15},"end":{"line":12,"column":18}},"9":{"start":{"line":13,"column":20},"end":{"line":13,"column":36}},"10":{"start":{"line":14,"column":4},"end":{"line":18,"column":null}},"11":{"start":{"line":14,"column":36},"end":{"line":14,"column":59}},"12":{"start":{"line":15,"column":6},"end":{"line":15,"column":null}},"13":{"start":{"line":17,"column":6},"end":{"line":17,"column":null}},"14":{"start":{"line":20,"column":2},"end":{"line":20,"column":null}}},"fnMap":{"0":{"name":"splitPath","decl":{"start":{"line":2,"column":9},"end":{"line":2,"column":19}},"loc":{"start":{"line":2,"column":35},"end":{"line":4,"column":null}}},"1":{"name":"getCommonPathPrefix","decl":{"start":{"line":7,"column":16},"end":{"line":7,"column":36}},"loc":{"start":{"line":7,"column":51},"end":{"line":21,"column":null}}},"2":{"name":"(anonymous_2)","decl":{"start":{"line":10,"column":44},"end":{"line":10,"column":45}},"loc":{"start":{"line":10,"column":51},"end":{"line":10,"column":59}}},"3":{"name":"(anonymous_3)","decl":{"start":{"line":14,"column":25},"end":{"line":14,"column":26}},"loc":{"start":{"line":14,"column":36},"end":{"line":14,"column":59}}}},"branchMap":{"0":{"loc":{"start":{"line":8,"column":2},"end":{"line":8,"column":null}},"type":"if","locations":[{"start":{"line":8,"column":2},"end":{"line":8,"column":null}}]},"1":{"loc":{"start":{"line":14,"column":4},"end":{"line":18,"column":null}},"type":"if","locations":[{"start":{"line":14,"column":4},"end":{"line":18,"column":null}},{"start":{"line":16,"column":11},"end":{"line":18,"column":null}}]}},"s":{"0":0,"1":0,"2":0,"3":0,"4":0,"5":0,"6":0,"7":0,"8":0,"9":0,"10":0,"11":0,"12":0,"13":0,"14":0},"f":{"0":0,"1":0,"2":0,"3":0},"b":{"0":[0],"1":[0,0]}}
,"C:\\Users\\ybot1\\Documents\\GitHub\\test-coverage-visualizer\\utils\\getCoverageData.ts": {"path":"C:\\Users\\ybot1\\Documents\\GitHub\\test-coverage-visualizer\\utils\\getCoverageData.ts","statementMap":{"0":{"start":{"line":8,"column":31},"end":{"line":44,"column":2}},"1":{"start":{"line":10,"column":42},"end":{"line":12,"column":null}},"2":{"start":{"line":13,"column":2},"end":{"line":16,"column":null}},"3":{"start":{"line":14,"column":26},"end":{"line":14,"column":null}},"4":{"start":{"line":15,"column":4},"end":{"line":15,"column":null}},"5":{"start":{"line":19,"column":53},"end":{"line":19,"column":null}},"6":{"start":{"line":20,"column":2},"end":{"line":23,"column":null}},"7":{"start":{"line":21,"column":26},"end":{"line":21,"column":null}},"8":{"start":{"line":22,"column":4},"end":{"line":22,"column":null}},"9":{"start":{"line":26,"column":47},"end":{"line":28,"column":null}},"10":{"start":{"line":29,"column":16},"end":{"line":29,"column":null}},"11":{"start":{"line":30,"column":23},"end":{"line":30,"column":null}},"12":{"start":{"line":31,"column":2},"end":{"line":34,"column":null}},"13":{"start":{"line":32,"column":26},"end":{"line":32,"column":null}},"14":{"start":{"line":33,"column":4},"end":{"line":33,"column":null}},"15":{"start":{"line":37,"column":58},"end":{"line":37,"column":null}},"16":{"start":{"line":38,"column":2},"end":{"line":41,"column":null}},"17":{"start":{"line":39,"column":26},"end":{"line":39,"column":null}},"18":{"start":{"line":40,"column":4},"end":{"line":40,"column":null}},"19":{"start":{"line":43,"column":2},"end":{"line":43,"column":null}}},"fnMap":{"0":{"name":"(anonymous_0)","decl":{"start":{"line":8,"column":31},"end":{"line":8,"column":null}},"loc":{"start":{"line":8,"column":31},"end":{"line":44,"column":2}}},"1":{"name":"(anonymous_1)","decl":{"start":{"line":13,"column":31},"end":{"line":13,"column":32}},"loc":{"start":{"line":13,"column":32},"end":{"line":16,"column":null}}},"2":{"name":"(anonymous_2)","decl":{"start":{"line":20,"column":35},"end":{"line":20,"column":36}},"loc":{"start":{"line":20,"column":36},"end":{"line":23,"column":null}}},"3":{"name":"(anonymous_3)","decl":{"start":{"line":31,"column":41},"end":{"line":31,"column":42}},"loc":{"start":{"line":31,"column":42},"end":{"line":34,"column":null}}},"4":{"name":"(anonymous_4)","decl":{"start":{"line":38,"column":37},"end":{"line":38,"column":38}},"loc":{"start":{"line":38,"column":38},"end":{"line":41,"column":null}}}},"branchMap":{},"s":{"0":0,"1":0,"2":0,"3":0,"4":0,"5":0,"6":0,"7":0,"8":0,"9":0,"10":0,"11":0,"12":0,"13":0,"14":0,"15":0,"16":0,"17":0,"18":0,"19":0},"f":{"0":0,"1":0,"2":0,"3":0,"4":0},"b":{}}
,"C:\\Users\\ybot1\\Documents\\GitHub\\test-coverage-visualizer\\utils\\getCoverageForLine.ts": {"path":"C:\\Users\\ybot1\\Documents\\GitHub\\test-coverage-visualizer\\utils\\getCoverageForLine.ts","statementMap":{"0":{"start":{"line":15,"column":30},"end":{"line":15,"column":null}},"1":{"start":{"line":16,"column":17},"end":{"line":16,"column":19}},"2":{"start":{"line":18,"column":2},"end":{"line":46,"column":null}},"3":{"start":{"line":20,"column":4},"end":{"line":45,"column":null}},"4":{"start":{"line":22,"column":6},"end":{"line":38,"column":null}},"5":{"start":{"line":24,"column":8},"end":{"line":24,"column":null}},"6":{"start":{"line":25,"column":8},"end":{"line":25,"column":null}},"7":{"start":{"line":26,"column":13},"end":{"line":38,"column":null}},"8":{"start":{"line":28,"column":8},"end":{"line":28,"column":null}},"9":{"start":{"line":29,"column":8},"end":{"line":29,"column":30}},"10":{"start":{"line":30,"column":13},"end":{"line":38,"column":null}},"11":{"start":{"line":32,"column":8},"end":{"line":32,"column":null}},"12":{"start":{"line":33,"column":8},"end":{"line":33,"column":null}},"13":{"start":{"line":36,"column":8},"end":{"line":36,"column":null}},"14":{"start":{"line":37,"column":8},"end":{"line":37,"column":30}},"15":{"start":{"line":40,"column":6},"end":{"line":44,"column":null}},"16":{"start":{"line":50,"column":2},"end":{"line":50,"column":null}}},"fnMap":{"0":{"name":"getCoverageForLine","decl":{"start":{"line":11,"column":16},"end":{"line":11,"column":null}},"loc":{"start":{"line":13,"column":20},"end":{"line":51,"column":null}}}},"branchMap":{"0":{"loc":{"start":{"line":20,"column":4},"end":{"line":45,"column":null}},"type":"if","locations":[{"start":{"line":20,"column":4},"end":{"line":45,"column":null}}]},"1":{"loc":{"start":{"line":20,"column":8},"end":{"line":20,"column":68}},"type":"binary-expr","locations":[{"start":{"line":20,"column":8},"end":{"line":20,"column":40}},{"start":{"line":20,"column":40},"end":{"line":20,"column":68}}]},"2":{"loc":{"start":{"line":22,"column":6},"end":{"line":38,"column":null}},"type":"if","locations":[{"start":{"line":22,"column":6},"end":{"line":38,"column":null}},{"start":{"line":26,"column":13},"end":{"line":38,"column":null}}]},"3":{"loc":{"start":{"line":22,"column":10},"end":{"line":22,"column":72}},"type":"binary-expr","locations":[{"start":{"line":22,"column":10},"end":{"line":22,"column":43}},{"start":{"line":22,"column":43},"end":{"line":22,"column":72}}]},"4":{"loc":{"start":{"line":26,"column":13},"end":{"line":38,"column":null}},"type":"if","locations":[{"start":{"line":26,"column":13},"end":{"line":38,"column":null}},{"start":{"line":30,"column":13},"end":{"line":38,"column":null}}]},"5":{"loc":{"start":{"line":30,"column":13},"end":{"line":38,"column":null}},"type":"if","locations":[{"start":{"line":30,"column":13},"end":{"line":38,"column":null}},{"start":{"line":34,"column":13},"end":{"line":38,"column":null}}]}},"s":{"0":0,"1":0,"2":0,"3":0,"4":0,"5":0,"6":0,"7":0,"8":0,"9":0,"10":0,"11":0,"12":0,"13":0,"14":0,"15":0,"16":0},"f":{"0":0},"b":{"0":[0],"1":[0,0],"2":[0,0],"3":[0,0],"4":[0,0],"5":[0,0]}}
,"C:\\Users\\ybot1\\Documents\\GitHub\\test-coverage-visualizer\\utils\\getFile.ts": {"path":"C:\\Users\\ybot1\\Documents\\GitHub\\test-coverage-visualizer\\utils\\getFile.ts","statementMap":{"0":{"start":{"line":3,"column":21},"end":{"line":3,"column":36}},"1":{"start":{"line":5,"column":23},"end":{"line":27,"column":2}},"2":{"start":{"line":6,"column":23},"end":{"line":8,"column":52}},"3":{"start":{"line":10,"column":20},"end":{"line":14,"column":null}},"4":{"start":{"line":16,"column":2},"end":{"line":23,"column":null}},"5":{"start":{"line":17,"column":4},"end":{"line":21,"column":null}},"6":{"start":{"line":25,"column":15},"end":{"line":25,"column":null}},"7":{"start":{"line":26,"column":2},"end":{"line":26,"column":null}}},"fnMap":{"0":{"name":"(anonymous_0)","decl":{"start":{"line":5,"column":23},"end":{"line":5,"column":30}},"loc":{"start":{"line":5,"column":74},"end":{"line":27,"column":2}}}},"branchMap":{"0":{"loc":{"start":{"line":8,"column":6},"end":{"line":8,"column":52}},"type":"cond-expr","locations":[{"start":{"line":8,"column":12},"end":{"line":8,"column":45}},{"start":{"line":8,"column":48},"end":{"line":8,"column":52}}]},"1":{"loc":{"start":{"line":11,"column":13},"end":{"line":13,"column":null}},"type":"cond-expr","locations":[{"start":{"line":12,"column":8},"end":{"line":12,"column":null}},{"start":{"line":13,"column":8},"end":{"line":13,"column":null}}]},"2":{"loc":{"start":{"line":16,"column":2},"end":{"line":23,"column":null}},"type":"if","locations":[{"start":{"line":16,"column":2},"end":{"line":23,"column":null}}]}},"s":{"0":0,"1":0,"2":0,"3":0,"4":0,"5":0,"6":0,"7":0},"f":{"0":0},"b":{"0":[0,0],"1":[0,0],"2":[0]}}
,"C:\\Users\\ybot1\\Documents\\GitHub\\test-coverage-visualizer\\utils\\getStatementsStatus.ts": {"path":"C:\\Users\\ybot1\\Documents\\GitHub\\test-coverage-visualizer\\utils\\getStatementsStatus.ts","statementMap":{"0":{"start":{"line":21,"column":16},"end":{"line":21,"column":null}},"1":{"start":{"line":22,"column":31},"end":{"line":22,"column":null}},"2":{"start":{"line":24,"column":2},"end":{"line":26,"column":null}},"3":{"start":{"line":25,"column":4},"end":{"line":25,"column":19}},"4":{"start":{"line":28,"column":2},"end":{"line":38,"column":null}},"5":{"start":{"line":28,"column":15},"end":{"line":28,"column":18}},"6":{"start":{"line":29,"column":4},"end":{"line":37,"column":null}},"7":{"start":{"line":40,"column":2},"end":{"line":51,"column":null}},"8":{"start":{"line":41,"column":18},"end":{"line":41,"column":32}},"9":{"start":{"line":42,"column":22},"end":{"line":42,"column":36}},"10":{"start":{"line":43,"column":20},"end":{"line":43,"column":50}},"11":{"start":{"line":44,"column":4},"end":{"line":50,"column":null}},"12":{"start":{"line":44,"column":17},"end":{"line":44,"column":28}},"13":{"start":{"line":45,"column":22},"end":{"line":45,"column":null}},"14":{"start":{"line":46,"column":6},"end":{"line":46,"column":null}},"15":{"start":{"line":46,"column":47},"end":{"line":46,"column":57}},"16":{"start":{"line":47,"column":6},"end":{"line":47,"column":null}},"17":{"start":{"line":48,"column":6},"end":{"line":48,"column":null}},"18":{"start":{"line":49,"column":6},"end":{"line":49,"column":null}},"19":{"start":{"line":53,"column":2},"end":{"line":59,"column":null}},"20":{"start":{"line":55,"column":21},"end":{"line":55,"column":42}},"21":{"start":{"line":56,"column":6},"end":{"line":58,"column":null}},"22":{"start":{"line":56,"column":19},"end":{"line":56,"column":34}},"23":{"start":{"line":57,"column":8},"end":{"line":57,"column":null}},"24":{"start":{"line":62,"column":2},"end":{"line":71,"column":null}},"25":{"start":{"line":64,"column":25},"end":{"line":65,"column":null}},"26":{"start":{"line":67,"column":6},"end":{"line":70,"column":null}},"27":{"start":{"line":67,"column":19},"end":{"line":67,"column":33}},"28":{"start":{"line":68,"column":8},"end":{"line":68,"column":null}},"29":{"start":{"line":69,"column":8},"end":{"line":69,"column":null}},"30":{"start":{"line":74,"column":2},"end":{"line":74,"column":null}}},"fnMap":{"0":{"name":"getStatementsStatus","decl":{"start":{"line":17,"column":16},"end":{"line":17,"column":null}},"loc":{"start":{"line":19,"column":35},"end":{"line":75,"column":null}}},"1":{"name":"(anonymous_1)","decl":{"start":{"line":40,"column":48},"end":{"line":40,"column":49}},"loc":{"start":{"line":40,"column":73},"end":{"line":51,"column":null}}},"2":{"name":"(anonymous_2)","decl":{"start":{"line":46,"column":40},"end":{"line":46,"column":41}},"loc":{"start":{"line":46,"column":47},"end":{"line":46,"column":57}}},"3":{"name":"(anonymous_3)","decl":{"start":{"line":54,"column":4},"end":{"line":54,"column":5}},"loc":{"start":{"line":54,"column":40},"end":{"line":59,"column":null}}},"4":{"name":"(anonymous_4)","decl":{"start":{"line":63,"column":4},"end":{"line":63,"column":5}},"loc":{"start":{"line":63,"column":50},"end":{"line":71,"column":null}}}},"branchMap":{"0":{"loc":{"start":{"line":24,"column":2},"end":{"line":26,"column":null}},"type":"if","locations":[{"start":{"line":24,"column":2},"end":{"line":26,"column":null}}]},"1":{"loc":{"start":{"line":43,"column":20},"end":{"line":43,"column":50}},"type":"binary-expr","locations":[{"start":{"line":43,"column":20},"end":{"line":43,"column":32}},{"start":{"line":43,"column":36},"end":{"line":43,"column":50}}]},"2":{"loc":{"start":{"line":65,"column":8},"end":{"line":65,"column":null}},"type":"cond-expr","locations":[{"start":{"line":65,"column":31},"end":{"line":65,"column":38}},{"start":{"line":65,"column":38},"end":{"line":65,"column":null}}]}},"s":{"0":0,"1":0,"2":0,"3":0,"4":0,"5":0,"6":0,"7":0,"8":0,"9":0,"10":0,"11":0,"12":0,"13":0,"14":0,"15":0,"16":0,"17":0,"18":0,"19":0,"20":0,"21":0,"22":0,"23":0,"24":0,"25":0,"26":0,"27":0,"28":0,"29":0,"30":0},"f":{"0":0,"1":0,"2":0,"3":0,"4":0},"b":{"0":[0],"1":[0,0],"2":[0,0]}}
,"C:\\Users\\ybot1\\Documents\\GitHub\\test-coverage-visualizer\\utils\\removePrefix.ts": {"path":"C:\\Users\\ybot1\\Documents\\GitHub\\test-coverage-visualizer\\utils\\removePrefix.ts","statementMap":{"0":{"start":{"line":2,"column":2},"end":{"line":4,"column":null}},"1":{"start":{"line":3,"column":4},"end":{"line":3,"column":null}},"2":{"start":{"line":5,"column":2},"end":{"line":5,"column":null}}},"fnMap":{"0":{"name":"removePrefix","decl":{"start":{"line":1,"column":16},"end":{"line":1,"column":29}},"loc":{"start":{"line":1,"column":56},"end":{"line":6,"column":null}}}},"branchMap":{"0":{"loc":{"start":{"line":2,"column":2},"end":{"line":4,"column":null}},"type":"if","locations":[{"start":{"line":2,"column":2},"end":{"line":4,"column":null}}]}},"s":{"0":0,"1":0,"2":0},"f":{"0":0},"b":{"0":[0]}}
,"C:\\Users\\ybot1\\Documents\\GitHub\\test-coverage-visualizer\\utils\\replaceTextWithSpanByColumn.ts": {"path":"C:\\Users\\ybot1\\Documents\\GitHub\\test-coverage-visualizer\\utils\\replaceTextWithSpanByColumn.ts","statementMap":{"0":{"start":{"line":6,"column":13},"end":{"line":6,"column":null}},"1":{"start":{"line":7,"column":2},"end":{"line":7,"column":null}},"2":{"start":{"line":7,"column":11},"end":{"line":7,"column":null}},"3":{"start":{"line":10,"column":15},"end":{"line":10,"column":29}},"4":{"start":{"line":12,"column":2},"end":{"line":14,"column":null}},"5":{"start":{"line":13,"column":4},"end":{"line":13,"column":null}},"6":{"start":{"line":16,"column":2},"end":{"line":16,"column":null}},"7":{"start":{"line":16,"column":66},"end":{"line":16,"column":null}},"8":{"start":{"line":19,"column":22},"end":{"line":19,"column":null}},"9":{"start":{"line":20,"column":20},"end":{"line":20,"column":null}},"10":{"start":{"line":21,"column":17},"end":{"line":21,"column":null}},"11":{"start":{"line":22,"column":17},"end":{"line":22,"column":null}},"12":{"start":{"line":23,"column":16},"end":{"line":23,"column":null}},"13":{"start":{"line":26,"column":15},"end":{"line":26,"column":null}},"14":{"start":{"line":27,"column":2},"end":{"line":27,"column":null}},"15":{"start":{"line":28,"column":2},"end":{"line":28,"column":36}},"16":{"start":{"line":31,"column":2},"end":{"line":31,"column":null}},"17":{"start":{"line":32,"column":2},"end":{"line":32,"column":null}},"18":{"start":{"line":32,"column":14},"end":{"line":32,"column":null}},"19":{"start":{"line":33,"column":2},"end":{"line":33,"column":null}},"20":{"start":{"line":34,"column":2},"end":{"line":34,"column":null}},"21":{"start":{"line":34,"column":13},"end":{"line":34,"column":null}}},"fnMap":{"0":{"name":"replaceTextWithSpanByColumn","decl":{"start":{"line":1,"column":16},"end":{"line":1,"column":null}},"loc":{"start":{"line":4,"column":16},"end":{"line":35,"column":null}}}},"branchMap":{"0":{"loc":{"start":{"line":7,"column":2},"end":{"line":7,"column":null}},"type":"if","locations":[{"start":{"line":7,"column":2},"end":{"line":7,"column":null}}]},"1":{"loc":{"start":{"line":12,"column":2},"end":{"line":14,"column":null}},"type":"if","locations":[{"start":{"line":12,"column":2},"end":{"line":14,"column":null}}]},"2":{"loc":{"start":{"line":16,"column":2},"end":{"line":16,"column":null}},"type":"if","locations":[{"start":{"line":16,"column":2},"end":{"line":16,"column":null}}]},"3":{"loc":{"start":{"line":16,"column":6},"end":{"line":16,"column":66}},"type":"binary-expr","locations":[{"start":{"line":16,"column":6},"end":{"line":16,"column":22}},{"start":{"line":16,"column":22},"end":{"line":16,"column":42}},{"start":{"line":16,"column":46},"end":{"line":16,"column":66}}]},"4":{"loc":{"start":{"line":20,"column":20},"end":{"line":20,"column":null}},"type":"cond-expr","locations":[{"start":{"line":20,"column":39},"end":{"line":20,"column":50}},{"start":{"line":20,"column":53},"end":{"line":20,"column":null}}]},"5":{"loc":{"start":{"line":32,"column":2},"end":{"line":32,"column":null}},"type":"if","locations":[{"start":{"line":32,"column":2},"end":{"line":32,"column":null}}]},"6":{"loc":{"start":{"line":34,"column":2},"end":{"line":34,"column":null}},"type":"if","locations":[{"start":{"line":34,"column":2},"end":{"line":34,"column":null}}]}},"s":{"0":0,"1":0,"2":0,"3":0,"4":0,"5":0,"6":0,"7":0,"8":0,"9":0,"10":0,"11":0,"12":0,"13":0,"14":0,"15":0,"16":0,"17":0,"18":0,"19":0,"20":0,"21":0},"f":{"0":0},"b":{"0":[0],"1":[0],"2":[0],"3":[0,0,0],"4":[0,0],"5":[0],"6":[0]}}
,"C:\\Users\\ybot1\\Documents\\GitHub\\test-coverage-visualizer\\utils\\splitPath.ts": {"path":"C:\\Users\\ybot1\\Documents\\GitHub\\test-coverage-visualizer\\utils\\splitPath.ts","statementMap":{"0":{"start":{"line":3,"column":2},"end":{"line":3,"column":null}}},"fnMap":{"0":{"name":"splitPath","decl":{"start":{"line":2,"column":16},"end":{"line":2,"column":26}},"loc":{"start":{"line":2,"column":42},"end":{"line":4,"column":null}}}},"branchMap":{},"s":{"0":0},"f":{"0":0},"b":{}}
}
